#
# There is insufficient memory for the Java Runtime Environment to continue.
# Native memory allocation (malloc) failed to allocate 1327856 bytes for Chunk::new
# Possible reasons:
#   The system is out of physical RAM or swap space
#   The process is running with CompressedOops enabled, and the Java Heap may be blocking the growth of the native heap
# Possible solutions:
#   Reduce memory load on the system
#   Increase physical memory or swap space
#   Check if swap backing store is full
#   Decrease Java heap size (-Xmx/-Xms)
#   Decrease number of Java threads
#   Decrease Java thread stack sizes (-Xss)
#   Set larger code cache with -XX:ReservedCodeCacheSize=
#   JVM is running with Unscaled Compressed Oops mode in which the Java heap is
#     placed in the first 4GB address space. The Java Heap base address is the
#     maximum limit for the native heap growth. Please use -XX:HeapBaseMinAddress
#     to set the Java Heap base and to place the Java Heap above 4GB virtual address.
# This output file may be truncated or incomplete.
#
#  Out of Memory Error (allocation.cpp:389), pid=9364, tid=0x0000000000001cd4
#
# JRE version: OpenJDK Runtime Environment (8.0_242-b01) (build 1.8.0_242-release-1644-b01)
# Java VM: OpenJDK 64-Bit Server VM (25.242-b01 mixed mode windows-amd64 compressed oops)
# Failed to write core dump. Minidumps are not enabled by default on client versions of Windows
#

---------------  T H R E A D  ---------------

Current thread (0x000000001a2db000):  JavaThread "C2 CompilerThread2" daemon [_thread_in_native, id=7380, stack(0x000000001ac40000,0x000000001ad40000)]

Stack: [0x000000001ac40000,0x000000001ad40000]
[error occurred during error reporting (printing stack bounds), id 0xc0000005]

Native frames: (J=compiled Java code, j=interpreted, Vv=VM code, C=native code)


Current CompileTask:
C2:   3166 2581       4       groovy.lang.MetaClassImpl$1MOPIter::methodNameAction (325 bytes)


---------------  P R O C E S S  ---------------

Java Threads: ( => current thread )
  0x000000001d0ff000 JavaThread "Cache worker for file content cache (C:\Users\shuhu\.gradle\caches\6.5\fileContent)" [_thread_blocked, id=17492, stack(0x0000000022f80000,0x0000000023080000)]
  0x000000001d0fd800 JavaThread "jar transforms" [_thread_blocked, id=10136, stack(0x0000000022e80000,0x0000000022f80000)]
  0x000000001d0fe800 JavaThread "Cache worker for execution history cache (C:\Users\shuhu\.gradle\caches\6.5\executionHistory)" [_thread_blocked, id=7828, stack(0x0000000022780000,0x0000000022880000)]
  0x000000001d0fa000 JavaThread "Cache worker for cache directory md-rule (C:\Users\shuhu\.gradle\caches\6.5\md-rule)" [_thread_blocked, id=7740, stack(0x0000000022680000,0x0000000022780000)]
  0x000000001d100800 JavaThread "Cache worker for cache directory md-supplier (C:\Users\shuhu\.gradle\caches\6.5\md-supplier)" [_thread_blocked, id=15312, stack(0x0000000021230000,0x0000000021330000)]
  0x000000001d0fd000 JavaThread "Cache worker for checksums cache (D:\Projects\AS\WanAndroidApp\.gradle\checksums)" [_thread_blocked, id=5868, stack(0x0000000021130000,0x0000000021230000)]
  0x000000001d100000 JavaThread "Cache worker for file hash cache (D:\Projects\AS\WanAndroidApp\.gradle\6.5\fileHashes)" [_thread_blocked, id=15184, stack(0x0000000022580000,0x0000000022680000)]
  0x000000001d0fb800 JavaThread "Cache worker for file hash cache (C:\Users\shuhu\.gradle\caches\6.5\fileHashes)" [_thread_blocked, id=12356, stack(0x000000001ec90000,0x000000001ed90000)]
  0x000000001d0fc000 JavaThread "File lock request listener" [_thread_in_native, id=12520, stack(0x000000001eb90000,0x000000001ec90000)]
  0x000000001a3be000 JavaThread "Cache worker for journal cache (C:\Users\shuhu\.gradle\caches\journal-1)" [_thread_blocked, id=17984, stack(0x000000001ea90000,0x000000001eb90000)]
  0x000000001cd83800 JavaThread "Thread-9" [_thread_blocked, id=7508, stack(0x000000001e790000,0x000000001e890000)]
  0x000000001cd80800 JavaThread "Stdin handler" [_thread_blocked, id=1560, stack(0x000000001e690000,0x000000001e790000)]
  0x000000001cd45000 JavaThread "Asynchronous log dispatcher for DefaultDaemonConnection: socket connection from /127.0.0.1:64464 to /127.0.0.1:64465" [_thread_blocked, id=7204, stack(0x000000001e590000,0x000000001e690000)]
  0x000000001cd3d800 JavaThread "Daemon worker" [_thread_in_vm, id=15328, stack(0x000000001e490000,0x000000001e590000)]
  0x000000001cd74800 JavaThread "Cancel handler" [_thread_blocked, id=2508, stack(0x000000001e390000,0x000000001e490000)]
  0x000000001cce7000 JavaThread "Handler for socket connection from /127.0.0.1:64464 to /127.0.0.1:64465" [_thread_in_native, id=9732, stack(0x000000001e290000,0x000000001e390000)]
  0x000000001cce4000 JavaThread "Daemon" [_thread_blocked, id=9856, stack(0x000000001e190000,0x000000001e290000)]
  0x000000001ccc3800 JavaThread "Daemon periodic checks" [_thread_blocked, id=13156, stack(0x000000001de90000,0x000000001df90000)]
  0x000000001ccb7000 JavaThread "Incoming local TCP Connector on port 64464" [_thread_in_native, id=17392, stack(0x000000001dce0000,0x000000001dde0000)]
  0x000000001cc0b800 JavaThread "Daemon health stats" [_thread_blocked, id=14160, stack(0x000000001d9e0000,0x000000001dae0000)]
  0x000000001a36d000 JavaThread "Service Thread" daemon [_thread_blocked, id=11888, stack(0x000000001ae40000,0x000000001af40000)]
  0x000000001a2df000 JavaThread "C1 CompilerThread3" daemon [_thread_blocked, id=6616, stack(0x000000001ad40000,0x000000001ae40000)]
=>0x000000001a2db000 JavaThread "C2 CompilerThread2" daemon [_thread_in_native, id=7380, stack(0x000000001ac40000,0x000000001ad40000)]
  0x000000001a2d1800 JavaThread "C2 CompilerThread1" daemon [_thread_in_native, id=2412, stack(0x000000001ab40000,0x000000001ac40000)]
  0x000000001a2ce800 JavaThread "C2 CompilerThread0" daemon [_thread_in_native, id=8020, stack(0x000000001aa40000,0x000000001ab40000)]
  0x000000001a278000 JavaThread "Attach Listener" daemon [_thread_blocked, id=5428, stack(0x000000001a940000,0x000000001aa40000)]
  0x000000001a277800 JavaThread "Signal Dispatcher" daemon [_thread_blocked, id=17832, stack(0x000000001a840000,0x000000001a940000)]
  0x000000001a261000 JavaThread "Finalizer" daemon [_thread_blocked, id=11376, stack(0x000000001a740000,0x000000001a840000)]
  0x000000001a260800 JavaThread "Reference Handler" daemon [_thread_blocked, id=15232, stack(0x000000001a640000,0x000000001a740000)]
  0x0000000002ded800 JavaThread "main" [_thread_blocked, id=11412, stack(0x00000000031f0000,0x00000000032f0000)]

Other Threads:
  0x0000000018458800 VMThread [stack: 0x000000001a140000,0x000000001a240000] [id=8600]
  0x000000001a31d800 WatcherThread [stack: 0x000000001af40000,0x000000001b040000] [id=8528]

VM state:not at safepoint (normal execution)

VM Mutex/Monitor currently owned by a thread: None

heap address: 0x0000000080000000, size: 2048 MB, Compressed Oops mode: 32-bit
Narrow klass base: 0x0000000000000000, Narrow klass shift: 3
Compressed class space size: 1073741824 Address: 0x0000000100000000

Heap:
 PSYoungGen      total 118784K, used 5246K [0x00000000d5580000, 0x00000000e1d80000, 0x0000000100000000)
  eden space 106496K, 4% used [0x00000000d5580000,0x00000000d5a9fa18,0x00000000dbd80000)
  from space 12288K, 0% used [0x00000000dbd80000,0x00000000dbd80000,0x00000000dc980000)
  to   space 11776K, 0% used [0x00000000e1200000,0x00000000e1200000,0x00000000e1d80000)
 ParOldGen       total 94720K, used 14630K [0x0000000080000000, 0x0000000085c80000, 0x00000000d5580000)
  object space 94720K, 15% used [0x0000000080000000,0x0000000080e49ac0,0x0000000085c80000)
 Metaspace       used 34419K, capacity 35624K, committed 35800K, reserved 1079296K
  class space    used 4733K, capacity 5007K, committed 5120K, reserved 1048576K

Card table byte_map: [0x00000000127b0000,0x0000000012bc0000] byte_map_base: 0x00000000123b0000

Marking Bits: (ParMarkBitMap*) 0x0000000068dbf030
 Begin Bits: [0x0000000013670000, 0x0000000015670000)
 End Bits:   [0x0000000015670000, 0x0000000017670000)

Polling page: 0x0000000000df0000

CodeCache: size=245760Kb used=10499Kb max_used=10519Kb free=235260Kb
 bounds [0x00000000033f0000, 0x0000000003e40000, 0x00000000123f0000]
 total_blobs=3418 nmethods=2729 adapters=602
 compilation: enabled

Compilation events (10 events):
Event: 3.145 Thread 0x000000001a2df000 nmethod 2728 0x0000000003e20990 code [0x0000000003e20ae0, 0x0000000003e20bf0]
Event: 3.155 Thread 0x000000001a2ce800 nmethod 2727 0x0000000003e2ba50 code [0x0000000003e2bc40, 0x0000000003e2cb20]
Event: 3.158 Thread 0x000000001a2d1800 2729       4       sun.security.provider.MD5::FF (33 bytes)
Event: 3.158 Thread 0x000000001a2ce800 2730       4       sun.security.provider.MD5::GG (33 bytes)
Event: 3.159 Thread 0x000000001a2ce800 nmethod 2730 0x0000000003e1c510 code [0x0000000003e1c640, 0x0000000003e1c6b8]
Event: 3.159 Thread 0x000000001a2d1800 nmethod 2729 0x0000000003d99c90 code [0x0000000003d99dc0, 0x0000000003d99e38]
Event: 3.164 Thread 0x000000001a2ce800 2731       4       sun.security.provider.MD5::HH (29 bytes)
Event: 3.164 Thread 0x000000001a2d1800 2732       4       sun.security.provider.MD5::II (31 bytes)
Event: 3.164 Thread 0x000000001a2ce800 nmethod 2731 0x0000000003dafa50 code [0x0000000003dafb80, 0x0000000003dafbf8]
Event: 3.164 Thread 0x000000001a2d1800 nmethod 2732 0x0000000003dc8d90 code [0x0000000003dc8ec0, 0x0000000003dc8f38]

GC Heap History (10 events):
Event: 2.086 GC heap before
{Heap before GC invocations=5 (full 1):
 PSYoungGen      total 75776K, used 7653K [0x00000000d5580000, 0x00000000de980000, 0x0000000100000000)
  eden space 65024K, 0% used [0x00000000d5580000,0x00000000d5580000,0x00000000d9500000)
  from space 10752K, 71% used [0x00000000d9f80000,0x00000000da6f9400,0x00000000daa00000)
  to   space 10752K, 0% used [0x00000000d9500000,0x00000000d9500000,0x00000000d9f80000)
 ParOldGen       total 173568K, used 1115K [0x0000000080000000, 0x000000008a980000, 0x00000000d5580000)
  object space 173568K, 0% used [0x0000000080000000,0x0000000080116f78,0x000000008a980000)
 Metaspace       used 20543K, capacity 21204K, committed 21248K, reserved 1067008K
  class space    used 2866K, capacity 3048K, committed 3072K, reserved 1048576K
Event: 2.108 GC heap after
Heap after GC invocations=5 (full 1):
 PSYoungGen      total 75776K, used 0K [0x00000000d5580000, 0x00000000de980000, 0x0000000100000000)
  eden space 65024K, 0% used [0x00000000d5580000,0x00000000d5580000,0x00000000d9500000)
  from space 10752K, 0% used [0x00000000d9f80000,0x00000000d9f80000,0x00000000daa00000)
  to   space 10752K, 0% used [0x00000000d9500000,0x00000000d9500000,0x00000000d9f80000)
 ParOldGen       total 94720K, used 7426K [0x0000000080000000, 0x0000000085c80000, 0x00000000d5580000)
  object space 94720K, 7% used [0x0000000080000000,0x0000000080740850,0x0000000085c80000)
 Metaspace       used 20543K, capacity 21204K, committed 21248K, reserved 1067008K
  class space    used 2866K, capacity 3048K, committed 3072K, reserved 1048576K
}
Event: 2.557 GC heap before
{Heap before GC invocations=6 (full 1):
 PSYoungGen      total 75776K, used 65024K [0x00000000d5580000, 0x00000000de980000, 0x0000000100000000)
  eden space 65024K, 100% used [0x00000000d5580000,0x00000000d9500000,0x00000000d9500000)
  from space 10752K, 0% used [0x00000000d9f80000,0x00000000d9f80000,0x00000000daa00000)
  to   space 10752K, 0% used [0x00000000d9500000,0x00000000d9500000,0x00000000d9f80000)
 ParOldGen       total 94720K, used 7426K [0x0000000080000000, 0x0000000085c80000, 0x00000000d5580000)
  object space 94720K, 7% used [0x0000000080000000,0x0000000080740850,0x0000000085c80000)
 Metaspace       used 28582K, capacity 29514K, committed 29824K, reserved 1075200K
  class space    used 3950K, capacity 4191K, committed 4224K, reserved 1048576K
Event: 2.560 GC heap after
Heap after GC invocations=6 (full 1):
 PSYoungGen      total 75776K, used 8391K [0x00000000d5580000, 0x00000000dd600000, 0x0000000100000000)
  eden space 65024K, 0% used [0x00000000d5580000,0x00000000d5580000,0x00000000d9500000)
  from space 10752K, 78% used [0x00000000d9500000,0x00000000d9d31f90,0x00000000d9f80000)
  to   space 12288K, 0% used [0x00000000dca00000,0x00000000dca00000,0x00000000dd600000)
 ParOldGen       total 94720K, used 7434K [0x0000000080000000, 0x0000000085c80000, 0x00000000d5580000)
  object space 94720K, 7% used [0x0000000080000000,0x0000000080742850,0x0000000085c80000)
 Metaspace       used 28582K, capacity 29514K, committed 29824K, reserved 1075200K
  class space    used 3950K, capacity 4191K, committed 4224K, reserved 1048576K
}
Event: 2.942 GC heap before
{Heap before GC invocations=7 (full 1):
 PSYoungGen      total 75776K, used 73415K [0x00000000d5580000, 0x00000000dd600000, 0x0000000100000000)
  eden space 65024K, 100% used [0x00000000d5580000,0x00000000d9500000,0x00000000d9500000)
  from space 10752K, 78% used [0x00000000d9500000,0x00000000d9d31f90,0x00000000d9f80000)
  to   space 12288K, 0% used [0x00000000dca00000,0x00000000dca00000,0x00000000dd600000)
 ParOldGen       total 94720K, used 7434K [0x0000000080000000, 0x0000000085c80000, 0x00000000d5580000)
  object space 94720K, 7% used [0x0000000080000000,0x0000000080742850,0x0000000085c80000)
 Metaspace       used 32806K, capacity 33872K, committed 34048K, reserved 1079296K
  class space    used 4476K, capacity 4754K, committed 4864K, reserved 1048576K
Event: 2.948 GC heap after
Heap after GC invocations=7 (full 1):
 PSYoungGen      total 118272K, used 9205K [0x00000000d5580000, 0x00000000dd580000, 0x0000000100000000)
  eden space 106496K, 0% used [0x00000000d5580000,0x00000000d5580000,0x00000000dbd80000)
  from space 11776K, 78% used [0x00000000dca00000,0x00000000dd2fd548,0x00000000dd580000)
  to   space 12288K, 0% used [0x00000000dbd80000,0x00000000dbd80000,0x00000000dc980000)
 ParOldGen       total 94720K, used 7442K [0x0000000080000000, 0x0000000085c80000, 0x00000000d5580000)
  object space 94720K, 7% used [0x0000000080000000,0x0000000080744850,0x0000000085c80000)
 Metaspace       used 32806K, capacity 33872K, committed 34048K, reserved 1079296K
  class space    used 4476K, capacity 4754K, committed 4864K, reserved 1048576K
}
Event: 3.081 GC heap before
{Heap before GC invocations=8 (full 1):
 PSYoungGen      total 118272K, used 35888K [0x00000000d5580000, 0x00000000dd580000, 0x0000000100000000)
  eden space 106496K, 25% used [0x00000000d5580000,0x00000000d6f8ebf8,0x00000000dbd80000)
  from space 11776K, 78% used [0x00000000dca00000,0x00000000dd2fd548,0x00000000dd580000)
  to   space 12288K, 0% used [0x00000000dbd80000,0x00000000dbd80000,0x00000000dc980000)
 ParOldGen       total 94720K, used 7442K [0x0000000080000000, 0x0000000085c80000, 0x00000000d5580000)
  object space 94720K, 7% used [0x0000000080000000,0x0000000080744850,0x0000000085c80000)
 Metaspace       used 34206K, capacity 35392K, committed 35416K, reserved 1079296K
  class space    used 4703K, capacity 4973K, committed 4992K, reserved 1048576K
Event: 3.087 GC heap after
Heap after GC invocations=8 (full 1):
 PSYoungGen      total 118784K, used 8056K [0x00000000d5580000, 0x00000000e1d80000, 0x0000000100000000)
  eden space 106496K, 0% used [0x00000000d5580000,0x00000000d5580000,0x00000000dbd80000)
  from space 12288K, 65% used [0x00000000dbd80000,0x00000000dc55e150,0x00000000dc980000)
  to   space 11776K, 0% used [0x00000000e1200000,0x00000000e1200000,0x00000000e1d80000)
 ParOldGen       total 94720K, used 7450K [0x0000000080000000, 0x0000000085c80000, 0x00000000d5580000)
  object space 94720K, 7% used [0x0000000080000000,0x0000000080746850,0x0000000085c80000)
 Metaspace       used 34206K, capacity 35392K, committed 35416K, reserved 1079296K
  class space    used 4703K, capacity 4973K, committed 4992K, reserved 1048576K
}
Event: 3.087 GC heap before
{Heap before GC invocations=9 (full 2):
 PSYoungGen      total 118784K, used 8056K [0x00000000d5580000, 0x00000000e1d80000, 0x0000000100000000)
  eden space 106496K, 0% used [0x00000000d5580000,0x00000000d5580000,0x00000000dbd80000)
  from space 12288K, 65% used [0x00000000dbd80000,0x00000000dc55e150,0x00000000dc980000)
  to   space 11776K, 0% used [0x00000000e1200000,0x00000000e1200000,0x00000000e1d80000)
 ParOldGen       total 94720K, used 7450K [0x0000000080000000, 0x0000000085c80000, 0x00000000d5580000)
  object space 94720K, 7% used [0x0000000080000000,0x0000000080746850,0x0000000085c80000)
 Metaspace       used 34206K, capacity 35392K, committed 35416K, reserved 1079296K
  class space    used 4703K, capacity 4973K, committed 4992K, reserved 1048576K
Event: 3.133 GC heap after
Heap after GC invocations=9 (full 2):
 PSYoungGen      total 118784K, used 0K [0x00000000d5580000, 0x00000000e1d80000, 0x0000000100000000)
  eden space 106496K, 0% used [0x00000000d5580000,0x00000000d5580000,0x00000000dbd80000)
  from space 12288K, 0% used [0x00000000dbd80000,0x00000000dbd80000,0x00000000dc980000)
  to   space 11776K, 0% used [0x00000000e1200000,0x00000000e1200000,0x00000000e1d80000)
 ParOldGen       total 94720K, used 14630K [0x0000000080000000, 0x0000000085c80000, 0x00000000d5580000)
  object space 94720K, 15% used [0x0000000080000000,0x0000000080e49ac0,0x0000000085c80000)
 Metaspace       used 34206K, capacity 35392K, committed 35416K, reserved 1079296K
  class space    used 4703K, capacity 4973K, committed 4992K, reserved 1048576K
}

Deoptimization events (10 events):
Event: 2.203 Thread 0x000000001cd3d800 Uncommon trap: reason=unstable_if action=reinterpret pc=0x00000000036e700c method=java.io.WinNTFileSystem.resolve(Ljava/lang/String;Ljava/lang/String;)Ljava/lang/String; @ 49
Event: 2.363 Thread 0x000000001cd3d800 Uncommon trap: reason=unstable_if action=reinterpret pc=0x000000000395de90 method=java.util.HashMap.putVal(ILjava/lang/Object;Ljava/lang/Object;ZZ)Ljava/lang/Object; @ 162
Event: 2.580 Thread 0x000000001cd3d800 Uncommon trap: reason=unstable_if action=reinterpret pc=0x00000000039e70ac method=java.net.URLClassLoader.defineClass(Ljava/lang/String;Lsun/misc/Resource;)Ljava/lang/Class; @ 21
Event: 2.581 Thread 0x000000001cd3d800 Uncommon trap: reason=unstable_if action=reinterpret pc=0x00000000038ee534 method=java.lang.ClassLoader.getClassLoadingLock(Ljava/lang/String;)Ljava/lang/Object; @ 6
Event: 2.742 Thread 0x000000001cd3d800 Uncommon trap: reason=unstable_if action=reinterpret pc=0x00000000039bfd44 method=java.util.HashMap.getNode(ILjava/lang/Object;)Ljava/util/HashMap$Node; @ 53
Event: 2.793 Thread 0x000000001cd3d800 Uncommon trap: reason=unstable_if action=reinterpret pc=0x0000000003bd2f44 method=org.gradle.internal.reflect.PropertyAccessorType.isGetGetterName(Ljava/lang/String;)Z @ 14
Event: 2.807 Thread 0x000000001cd3d800 Uncommon trap: reason=unstable_if action=reinterpret pc=0x0000000003af1e00 method=org.objectweb.asm.ByteVector.putShort(I)Lorg/objectweb/asm/ByteVector; @ 13
Event: 2.857 Thread 0x000000001cd3d800 Uncommon trap: reason=unstable_if action=reinterpret pc=0x0000000003a36f10 method=java.net.URLClassLoader.defineClass(Ljava/lang/String;Lsun/misc/Resource;)Ljava/lang/Class; @ 21
Event: 2.903 Thread 0x000000001cd3d800 Uncommon trap: reason=unstable_if action=reinterpret pc=0x0000000003daa188 method=org.codehaus.groovy.runtime.metaclass.MetaMethodIndex.addMethodToList(Ljava/lang/Object;Lgroovy/lang/MetaMethod;)Ljava/lang/Object; @ 226
Event: 2.954 Thread 0x000000001cd3d800 Uncommon trap: reason=range_check action=make_not_entrant pc=0x0000000003da02c4 method=java.lang.String.charAt(I)C @ 27

Classes redefined (0 events):
No events

Internal exceptions (10 events):
Event: 2.917 Thread 0x000000001cd3d800 Exception <a 'java/lang/ClassNotFoundException': org/gradle/api/internal/DefaultNamedDomainObjectCollectionCustomizer> (0x00000000d9001828) thrown at [C:\src\AOSP-openjdk-git\hotspot\src\share\vm\classfile\systemDictionary.cpp, line 210]
Event: 2.919 Thread 0x000000001cd3d800 Exception <a 'java/lang/ClassNotFoundException': org/gradle/api/internal/DefaultNamedDomainObjectListCustomizer> (0x00000000d90763e0) thrown at [C:\src\AOSP-openjdk-git\hotspot\src\share\vm\classfile\systemDictionary.cpp, line 210]
Event: 2.921 Thread 0x000000001cd3d800 Exception <a 'java/lang/ClassNotFoundException': org/gradle/api/internal/artifacts/DefaultArtifactRepositoryContainerCustomizer> (0x00000000d90eb230) thrown at [C:\src\AOSP-openjdk-git\hotspot\src\share\vm\classfile\systemDictionary.cpp, line 210]
Event: 2.923 Thread 0x000000001cd3d800 Exception <a 'java/lang/ClassNotFoundException': org/gradle/api/internal/artifacts/dsl/DefaultRepositoryHandlerCustomizer> (0x00000000d9150540) thrown at [C:\src\AOSP-openjdk-git\hotspot\src\share\vm\classfile\systemDictionary.cpp, line 210]
Event: 2.925 Thread 0x000000001cd3d800 Exception <a 'java/lang/ClassNotFoundException': org/gradle/api/internal/artifacts/dsl/DefaultRepositoryHandler_DecoratedCustomizer> (0x00000000d91d3c10) thrown at [C:\src\AOSP-openjdk-git\hotspot\src\share\vm\classfile\systemDictionary.cpp, line 210]
Event: 3.011 Thread 0x000000001cd3d800 Exception <a 'java/lang/ClassNotFoundException': org/gradle/api/internal/artifacts/dsl/dependencies/DefaultDependencyHandler_DecoratedBeanInfo> (0x00000000d5ffb7e8) thrown at [C:\src\AOSP-openjdk-git\hotspot\src\share\vm\classfile\systemDictionary.cpp, li
Event: 3.012 Thread 0x000000001cd3d800 Exception <a 'java/lang/ClassNotFoundException': org/gradle/api/internal/artifacts/dsl/dependencies/DefaultDependencyHandlerBeanInfo> (0x00000000d6054128) thrown at [C:\src\AOSP-openjdk-git\hotspot\src\share\vm\classfile\systemDictionary.cpp, line 210]
Event: 3.012 Thread 0x000000001cd3d800 Exception <a 'java/lang/ClassNotFoundException': org/gradle/api/internal/artifacts/dsl/dependencies/DefaultDependencyHandlerCustomizer> (0x00000000d60add68) thrown at [C:\src\AOSP-openjdk-git\hotspot\src\share\vm\classfile\systemDictionary.cpp, line 210]
Event: 3.014 Thread 0x000000001cd3d800 Exception <a 'java/lang/ClassNotFoundException': org/gradle/api/internal/artifacts/dsl/dependencies/DefaultDependencyHandler_DecoratedCustomizer> (0x00000000d6138a48) thrown at [C:\src\AOSP-openjdk-git\hotspot\src\share\vm\classfile\systemDictionary.cpp, 
Event: 3.048 Thread 0x000000001cd3d800 Exception <a 'java/lang/NoSuchMethodError': java.lang.Object.lambda$static$0(Lorg/gradle/api/internal/artifacts/configurations/MutationValidator$MutationType;)V> (0x00000000d67afcf8) thrown at [C:\src\AOSP-openjdk-git\hotspot\src\share\vm\interpreter\link

Events (10 events):
Event: 3.162 loading class org/gradle/api/internal/artifacts/repositories/DefaultRepositoryContentDescriptor
Event: 3.162 loading class org/gradle/api/internal/artifacts/repositories/DefaultRepositoryContentDescriptor done
Event: 3.163 loading class org/gradle/api/internal/artifacts/repositories/DefaultMavenArtifactRepository
Event: 3.163 loading class org/gradle/api/internal/artifacts/repositories/DefaultMavenArtifactRepository done
Event: 3.163 loading class org/gradle/api/internal/artifacts/ivyservice/ivyresolve/FilteredModuleComponentRepository
Event: 3.163 loading class org/gradle/api/internal/artifacts/ivyservice/ivyresolve/FilteredModuleComponentRepository done
Event: 3.164 loading class org/gradle/api/internal/artifacts/ivyservice/resolveengine/ComponentResolversChain
Event: 3.164 loading class org/gradle/api/internal/artifacts/ivyservice/resolveengine/ComponentResolversChain done
Event: 3.165 loading class org/gradle/api/internal/artifacts/ivyservice/resolveengine/VirtualComponentMetadataResolver
Event: 3.165 loading class org/gradle/api/internal/artifacts/ivyservice/resolveengine/VirtualComponentMetadataResolver done


Dynamic libraries:
0x00007ff697810000 - 0x00007ff697841000 	D:\Program Files\Android\Android Studio\jre\bin\java.exe
0x00007fffc5ee0000 - 0x00007fffc60d0000 	C:\Windows\SYSTEM32\ntdll.dll
0x00007fffc4c10000 - 0x00007fffc4cc2000 	C:\Windows\System32\KERNEL32.DLL
0x00007fffc2e60000 - 0x00007fffc3105000 	C:\Windows\System32\KERNELBASE.dll
0x00007fffc0b60000 - 0x00007fffc0bef000 	C:\Windows\SYSTEM32\apphelp.dll
0x00007fffc40f0000 - 0x00007fffc4193000 	C:\Windows\System32\ADVAPI32.dll
0x00007fffc5e00000 - 0x00007fffc5e9e000 	C:\Windows\System32\msvcrt.dll
0x00007fffc5c40000 - 0x00007fffc5cd7000 	C:\Windows\System32\sechost.dll
0x00007fffc5ce0000 - 0x00007fffc5dff000 	C:\Windows\System32\RPCRT4.dll
0x00007fffc59c0000 - 0x00007fffc5b54000 	C:\Windows\System32\USER32.dll
0x00007fffc3e60000 - 0x00007fffc3e81000 	C:\Windows\System32\win32u.dll
0x00007fffc4820000 - 0x00007fffc4846000 	C:\Windows\System32\GDI32.dll
0x00007fffc3c10000 - 0x00007fffc3da8000 	C:\Windows\System32\gdi32full.dll
0x00007fffc33a0000 - 0x00007fffc343e000 	C:\Windows\System32\msvcp_win.dll
0x00007fffc3e90000 - 0x00007fffc3f8a000 	C:\Windows\System32\ucrtbase.dll
0x00007fffb0850000 - 0x00007fffb0ad4000 	C:\Windows\WinSxS\amd64_microsoft.windows.common-controls_6595b64144ccf1df_6.0.18362.1379_none_9e7ff3b3e45cc0c4\COMCTL32.dll
0x00007fffc5680000 - 0x00007fffc59b7000 	C:\Windows\System32\combase.dll
0x00007fffc3260000 - 0x00007fffc32e1000 	C:\Windows\System32\bcryptPrimitives.dll
0x00007fffc4b80000 - 0x00007fffc4bae000 	C:\Windows\System32\IMM32.DLL
0x0000000068430000 - 0x0000000068502000 	D:\Program Files\Android\Android Studio\jre\jre\bin\msvcr100.dll
0x00000000685f0000 - 0x0000000068e3b000 	D:\Program Files\Android\Android Studio\jre\jre\bin\server\jvm.dll
0x00007fffc4cd0000 - 0x00007fffc4cd8000 	C:\Windows\System32\PSAPI.DLL
0x00007fffbab00000 - 0x00007fffbab24000 	C:\Windows\SYSTEM32\WINMM.dll
0x00007fffbf420000 - 0x00007fffbf429000 	C:\Windows\SYSTEM32\WSOCK32.dll
0x00007fffbb560000 - 0x00007fffbb56a000 	C:\Windows\SYSTEM32\VERSION.dll
0x00007fffc4e30000 - 0x00007fffc4e9f000 	C:\Windows\System32\WS2_32.dll
0x00007fffb60c0000 - 0x00007fffb60ed000 	C:\Windows\SYSTEM32\WINMMBASE.dll
0x00007fffc3bc0000 - 0x00007fffc3c0a000 	C:\Windows\System32\cfgmgr32.dll
0x00007fffbf370000 - 0x00007fffbf37f000 	D:\Program Files\Android\Android Studio\jre\jre\bin\verify.dll
0x00007fffbe170000 - 0x00007fffbe199000 	D:\Program Files\Android\Android Studio\jre\jre\bin\java.dll
0x00007fffbe2f0000 - 0x00007fffbe306000 	D:\Program Files\Android\Android Studio\jre\jre\bin\zip.dll
0x00007fffc4f90000 - 0x00007fffc5678000 	C:\Windows\System32\SHELL32.dll
0x00007fffc4ad0000 - 0x00007fffc4b77000 	C:\Windows\System32\shcore.dll
0x00007fffc3440000 - 0x00007fffc3bbb000 	C:\Windows\System32\windows.storage.dll
0x00007fffc2e30000 - 0x00007fffc2e53000 	C:\Windows\System32\profapi.dll
0x00007fffc2de0000 - 0x00007fffc2e2a000 	C:\Windows\System32\powrprof.dll
0x00007fffc2d90000 - 0x00007fffc2da0000 	C:\Windows\System32\UMPDC.dll
0x00007fffc4bb0000 - 0x00007fffc4c02000 	C:\Windows\System32\shlwapi.dll
0x00007fffc2dc0000 - 0x00007fffc2dd1000 	C:\Windows\System32\kernel.appcore.dll
0x00007fffc3380000 - 0x00007fffc3397000 	C:\Windows\System32\cryptsp.dll
0x00007fffbdc80000 - 0x00007fffbdc9a000 	D:\Program Files\Android\Android Studio\jre\jre\bin\net.dll
0x00007fffc25d0000 - 0x00007fffc2637000 	C:\Windows\system32\mswsock.dll
0x00007fffbdc60000 - 0x00007fffbdc73000 	D:\Program Files\Android\Android Studio\jre\jre\bin\nio.dll
0x00007fffb1040000 - 0x00007fffb1067000 	C:\Users\shuhu\.gradle\native\f6784746aeab05261644944871eae4fe03e0ef1612fff0a4a95f87b438bc6780\windows-amd64\native-platform.dll
0x00007fffbec30000 - 0x00007fffbec3d000 	D:\Program Files\Android\Android Studio\jre\jre\bin\management.dll
0x00007fffc2150000 - 0x00007fffc2183000 	C:\Windows\system32\rsaenh.dll
0x00007fffc32f0000 - 0x00007fffc3316000 	C:\Windows\System32\bcrypt.dll
0x00007fffc2cb0000 - 0x00007fffc2cd5000 	C:\Windows\SYSTEM32\USERENV.dll
0x00007fffc27a0000 - 0x00007fffc27ac000 	C:\Windows\SYSTEM32\CRYPTBASE.dll
0x00007fffc22e0000 - 0x00007fffc231a000 	C:\Windows\SYSTEM32\IPHLPAPI.DLL
0x00007fffc4ce0000 - 0x00007fffc4ce8000 	C:\Windows\System32\NSI.dll
0x00007fffbc5c0000 - 0x00007fffbc5d6000 	C:\Windows\SYSTEM32\dhcpcsvc6.DLL
0x00007fffbc760000 - 0x00007fffbc77c000 	C:\Windows\SYSTEM32\dhcpcsvc.DLL
0x00007fffc2320000 - 0x00007fffc23eb000 	C:\Windows\SYSTEM32\DNSAPI.dll
0x00007fffbcb20000 - 0x00007fffbcb2b000 	C:\Windows\SYSTEM32\WINNSI.DLL

VM Arguments:
jvm_args: -Xmx2048m -Dfile.encoding=UTF-8 -Duser.country=CN -Duser.language=zh -Duser.variant 
java_command: org.gradle.launcher.daemon.bootstrap.GradleDaemon 6.5
java_class_path (initial): C:\Users\shuhu\.gradle\wrapper\dists\gradle-6.5-bin\6nifqtx7604sqp1q6g8wikw7p\gradle-6.5\lib\gradle-launcher-6.5.jar
Launcher Type: SUN_STANDARD

Environment Variables:
PATH=C:\Windows\system32;C:\Windows;C:\Windows\System32\Wbem;C:\Windows\System32\WindowsPowerShell\v1.0\;C:\Windows\System32\OpenSSH\;C:\Program Files (x86)\NVIDIA Corporation\PhysX\Common;C:\Program Files\NVIDIA Corporation\NVIDIA NvDLISR;C:\Windows\system32;C:\Windows;C:\Windows\System32\Wbem;C:\Windows\System32\WindowsPowerShell\v1.0\;C:\Windows\System32\OpenSSH\;d:\Program Files\Git\cmd;D:\Program Files\nodejs\;C:\Users\shuhu\AppData\Local\Microsoft\WindowsApps;D:\Program Files\Microsoft VS Code\bin;C:\Users\shuhu\AppData\Local\GitHubDesktop\bin;d:\Program Files\JetBrains\IntelliJ IDEA Community Edition 2020.3.2\bin;C:\Users\shuhu\AppData\Roaming\npm
USERNAME=shuhu
OS=Windows_NT
PROCESSOR_IDENTIFIER=Intel64 Family 6 Model 165 Stepping 2, GenuineIntel



---------------  S Y S T E M  ---------------

OS: Windows 10.0 , 64 bit Build 18362 (10.0.18362.1350)

CPU:total 8 (initial active 8) (4 cores per cpu, 2 threads per core) family 6 model 165 stepping 2, cmov, cx8, fxsr, mmx, sse, sse2, sse3, ssse3, sse4.1, sse4.2, popcnt, avx, avx2, aes, clmul, erms, 3dnowpref, lzcnt, ht, tsc, tscinvbit, bmi1, bmi2, adx

Memory: 4k page, physical 16641840k(3452116k free), swap 19787568k(4312k free)

vm_info: OpenJDK 64-Bit Server VM (25.242-b01) for windows-amd64 JRE (1.8.0_242-release-1644-b01), built by "builder" with MS VC++ 10.0 (VS2010)

time: Sat Feb 20 12:10:08 2021
timezone: 中国标准时间
elapsed time: 3 seconds (0d 0h 0m 3s)

