#
# There is insufficient memory for the Java Runtime Environment to continue.
# Native memory allocation (malloc) failed to allocate 1458576 bytes for Chunk::new
# Possible reasons:
#   The system is out of physical RAM or swap space
#   The process is running with CompressedOops enabled, and the Java Heap may be blocking the growth of the native heap
# Possible solutions:
#   Reduce memory load on the system
#   Increase physical memory or swap space
#   Check if swap backing store is full
#   Decrease Java heap size (-Xmx/-Xms)
#   Decrease number of Java threads
#   Decrease Java thread stack sizes (-Xss)
#   Set larger code cache with -XX:ReservedCodeCacheSize=
#   JVM is running with Unscaled Compressed Oops mode in which the Java heap is
#     placed in the first 4GB address space. The Java Heap base address is the
#     maximum limit for the native heap growth. Please use -XX:HeapBaseMinAddress
#     to set the Java Heap base and to place the Java Heap above 4GB virtual address.
# This output file may be truncated or incomplete.
#
#  Out of Memory Error (allocation.cpp:389), pid=3044, tid=0x0000000000003054
#
# JRE version: OpenJDK Runtime Environment (8.0_242-b01) (build 1.8.0_242-release-1644-b01)
# Java VM: OpenJDK 64-Bit Server VM (25.242-b01 mixed mode windows-amd64 compressed oops)
# Failed to write core dump. Minidumps are not enabled by default on client versions of Windows
#

---------------  T H R E A D  ---------------

Current thread (0x000000001a096000):  JavaThread "C2 CompilerThread0" daemon [_thread_in_native, id=12372, stack(0x000000001a860000,0x000000001a960000)]

Stack: [0x000000001a860000,0x000000001a960000]
[error occurred during error reporting (printing stack bounds), id 0xc0000005]

Native frames: (J=compiled Java code, j=interpreted, Vv=VM code, C=native code)


Current CompileTask:
C2:3237974 24280       4       com.android.utils.PositionXmlParser::getPositionHelper (757 bytes)


---------------  P R O C E S S  ---------------

Java Threads: ( => current thread )
  0x000000002c985800 JavaThread "stdout" [_thread_in_native, id=13728, stack(0x00000000391d0000,0x00000000392d0000)]
  0x000000002c987000 JavaThread "stderr" [_thread_in_native, id=10480, stack(0x00000000390d0000,0x00000000391d0000)]
  0x000000002c984000 JavaThread "stdout" [_thread_in_native, id=3032, stack(0x0000000038fd0000,0x00000000390d0000)]
  0x000000002c982800 JavaThread "stderr" [_thread_in_native, id=11800, stack(0x0000000038ed0000,0x0000000038fd0000)]
  0x000000002c983000 JavaThread "stdout" [_thread_in_native, id=11260, stack(0x0000000038c70000,0x0000000038d70000)]
  0x000000002c980000 JavaThread "stderr" [_thread_in_native, id=5052, stack(0x0000000038b70000,0x0000000038c70000)]
  0x000000002c981800 JavaThread "stdout" [_thread_in_native, id=7740, stack(0x0000000038a70000,0x0000000038b70000)]
  0x000000002c984800 JavaThread "stderr" [_thread_in_native, id=16316, stack(0x0000000038970000,0x0000000038a70000)]
  0x000000002c981000 JavaThread "stdout" [_thread_in_native, id=15864, stack(0x0000000035f20000,0x0000000036020000)]
  0x000000002c978800 JavaThread "stderr" [_thread_in_native, id=14232, stack(0x0000000035e20000,0x0000000035f20000)]
  0x000000002c97f800 JavaThread "stdout" [_thread_in_native, id=1148, stack(0x0000000035aa0000,0x0000000035ba0000)]
  0x000000002c97d000 JavaThread "stderr" [_thread_in_native, id=10716, stack(0x00000000359a0000,0x0000000035aa0000)]
  0x000000002c978000 JavaThread "stdout" [_thread_in_native, id=2768, stack(0x00000000358a0000,0x00000000359a0000)]
  0x000000002c97c800 JavaThread "stderr" [_thread_in_native, id=15576, stack(0x00000000353a0000,0x00000000354a0000)]
  0x000000002c97b000 JavaThread "WorkerExecutor Queue Thread 8" [_thread_blocked, id=14124, stack(0x0000000034da0000,0x0000000034ea0000)]
  0x000000002c97b800 JavaThread "pool-10-thread-1" [_thread_blocked, id=8632, stack(0x00000000323a0000,0x00000000324a0000)]
  0x000000002c97a000 JavaThread "WorkerExecutor Queue Thread 7" [_thread_blocked, id=12600, stack(0x0000000031230000,0x0000000031330000)]
  0x000000002c97e000 JavaThread "WorkerExecutor Queue Thread 6" [_thread_in_native, id=1128, stack(0x0000000030b20000,0x0000000030c20000)]
  0x000000002c979800 JavaThread "WorkerExecutor Queue Thread 5" [_thread_blocked, id=5072, stack(0x00000000305c0000,0x00000000306c0000)]
  0x000000002c97e800 JavaThread "WorkerExecutor Queue Thread 4" [_thread_blocked, id=6120, stack(0x00000000304c0000,0x00000000305c0000)]
  0x0000000023c3f800 JavaThread "WorkerExecutor Queue Thread 3" [_thread_blocked, id=10920, stack(0x00000000303c0000,0x00000000304c0000)]
  0x000000001d31f000 JavaThread "WorkerExecutor Queue Thread 2" [_thread_blocked, id=8740, stack(0x000000002e1c0000,0x000000002e2c0000)]
  0x000000001bb10800 JavaThread "WorkerExecutor Queue" [_thread_blocked, id=16376, stack(0x000000002e0c0000,0x000000002e1c0000)]
  0x000000001d321000 JavaThread "Cache worker for execution history cache (D:\Projects\AS\WanAndroidApp\.gradle\6.5\executionHistory)" [_thread_blocked, id=7788, stack(0x000000002dfc0000,0x000000002e0c0000)]
  0x000000001d320800 JavaThread "Execution worker for ':' Thread 7" [_thread_blocked, id=15408, stack(0x000000002dec0000,0x000000002dfc0000)]
  0x000000001d325000 JavaThread "Execution worker for ':' Thread 6" [_thread_blocked, id=14404, stack(0x000000002dbc0000,0x000000002dcc0000)]
  0x000000001d324000 JavaThread "Execution worker for ':' Thread 5" [_thread_blocked, id=1704, stack(0x000000002dac0000,0x000000002dbc0000)]
  0x000000001d322000 JavaThread "Execution worker for ':' Thread 4" [_thread_blocked, id=11336, stack(0x000000002d9c0000,0x000000002dac0000)]
  0x000000001d323800 JavaThread "Execution worker for ':' Thread 3" [_thread_in_native, id=2984, stack(0x000000002ca60000,0x000000002cb60000)]
  0x000000001d318000 JavaThread "Execution worker for ':' Thread 2" [_thread_blocked, id=14184, stack(0x000000002af70000,0x000000002b070000)]
  0x000000001d316800 JavaThread "Execution worker for ':'" [_thread_blocked, id=15464, stack(0x000000002a8e0000,0x000000002a9e0000)]
  0x000000001d317000 JavaThread "Cache worker for file content cache (D:\Projects\AS\WanAndroidApp\.gradle\6.5\fileContent)" [_thread_blocked, id=2992, stack(0x000000002a7e0000,0x000000002a8e0000)]
  0x000000001d31e000 JavaThread "pool-9-thread-1" [_thread_blocked, id=7088, stack(0x000000002a4e0000,0x000000002a5e0000)]
  0x000000001d31d000 JavaThread "Cache worker for Build Output Cleanup Cache (D:\Projects\AS\WanAndroidApp\.gradle\buildOutputCleanup)" [_thread_blocked, id=9244, stack(0x000000002a3e0000,0x000000002a4e0000)]
  0x000000001d31c800 JavaThread "Build operations Thread 8" [_thread_blocked, id=12356, stack(0x00000000246e0000,0x00000000247e0000)]
  0x000000001d315800 JavaThread "Build operations Thread 7" [_thread_blocked, id=15396, stack(0x00000000245e0000,0x00000000246e0000)]
  0x000000001d319800 JavaThread "Build operations Thread 6" [_thread_blocked, id=1352, stack(0x00000000244e0000,0x00000000245e0000)]
  0x000000001d31b800 JavaThread "Build operations Thread 5" [_thread_blocked, id=3932, stack(0x0000000022d10000,0x0000000022e10000)]
  0x000000001d318800 JavaThread "Build operations Thread 4" [_thread_blocked, id=13568, stack(0x0000000022510000,0x0000000022610000)]
  0x000000001b5bc800 JavaThread "Build operations Thread 3" [_thread_blocked, id=8376, stack(0x0000000022410000,0x0000000022510000)]
  0x000000001b5bd000 JavaThread "Build operations Thread 2" [_thread_blocked, id=13200, stack(0x0000000021080000,0x0000000021180000)]
  0x000000001b5c1000 JavaThread "Build operations" [_thread_blocked, id=288, stack(0x000000001e5b0000,0x000000001e6b0000)]
  0x000000001b5c2800 JavaThread "Cache worker for cache directory md-rule (C:\Users\shuhu\.gradle\caches\6.5\md-rule)" [_thread_blocked, id=3060, stack(0x000000001e4b0000,0x000000001e5b0000)]
  0x000000001b5c0000 JavaThread "Cache worker for cache directory md-supplier (C:\Users\shuhu\.gradle\caches\6.5\md-supplier)" [_thread_blocked, id=8636, stack(0x000000001e3b0000,0x000000001e4b0000)]
  0x000000001b5be800 JavaThread "Cache worker for checksums cache (D:\Projects\AS\WanAndroidApp\.gradle\checksums)" [_thread_blocked, id=15760, stack(0x000000001e2b0000,0x000000001e3b0000)]
  0x000000001b5b7000 JavaThread "Cache worker for file hash cache (D:\Projects\AS\WanAndroidApp\.gradle\6.5\fileHashes)" [_thread_blocked, id=4896, stack(0x000000001e1b0000,0x000000001e2b0000)]
  0x000000001b5bb800 JavaThread "Thread-317" [_thread_blocked, id=11912, stack(0x000000001e0b0000,0x000000001e1b0000)]
  0x000000001b5b4000 JavaThread "Stdin handler" [_thread_blocked, id=8504, stack(0x000000001dfb0000,0x000000001e0b0000)]
  0x000000001b5ba000 JavaThread "Asynchronous log dispatcher for DefaultDaemonConnection: socket connection from /127.0.0.1:51378 to /127.0.0.1:52886" [_thread_blocked, id=15052, stack(0x000000001da00000,0x000000001db00000)]
  0x000000001b5b3000 JavaThread "Cancel handler" [_thread_blocked, id=8700, stack(0x0000000001240000,0x0000000001340000)]
  0x000000001b5b4800 JavaThread "Handler for socket connection from /127.0.0.1:51378 to /127.0.0.1:52886" [_thread_in_native, id=8440, stack(0x0000000001140000,0x0000000001240000)]
  0x000000001bb0f000 JavaThread "ForkJoinPool.commonPool-worker-5" daemon [_thread_blocked, id=12468, stack(0x000000002e9a0000,0x000000002eaa0000)]
  0x000000001b5bf800 JavaThread "Cache worker for Java compile cache (C:\Users\shuhu\.gradle\caches\6.5\javaCompile)" [_thread_blocked, id=10460, stack(0x00000000352a0000,0x00000000353a0000)]
  0x000000001bb0f800 JavaThread "jar transforms Thread 184" [_thread_blocked, id=10172, stack(0x000000002a2e0000,0x000000002a3e0000)]
  0x000000001bb0c000 JavaThread "jar transforms Thread 183" [_thread_blocked, id=10796, stack(0x000000002a1e0000,0x000000002a2e0000)]
  0x000000001bb0b000 JavaThread "jar transforms Thread 182" [_thread_blocked, id=8344, stack(0x000000002a0e0000,0x000000002a1e0000)]
  0x000000001bb03000 JavaThread "jar transforms Thread 181" [_thread_blocked, id=16300, stack(0x0000000029fe0000,0x000000002a0e0000)]
  0x000000001bb09800 JavaThread "jar transforms Thread 180" [_thread_blocked, id=5240, stack(0x0000000029ee0000,0x0000000029fe0000)]
  0x000000001bb09000 JavaThread "jar transforms Thread 179" [_thread_blocked, id=9316, stack(0x0000000029de0000,0x0000000029ee0000)]
  0x000000001bb01800 JavaThread "jar transforms Thread 178" [_thread_blocked, id=14496, stack(0x0000000029ce0000,0x0000000029de0000)]
  0x000000001bb06000 JavaThread "jar transforms Thread 177" [_thread_blocked, id=9592, stack(0x0000000029be0000,0x0000000029ce0000)]
  0x000000001bb05000 JavaThread "jar transforms Thread 176" [_thread_blocked, id=1900, stack(0x0000000029ae0000,0x0000000029be0000)]
  0x000000001bb08000 JavaThread "jar transforms Thread 175" [_thread_blocked, id=2400, stack(0x00000000299e0000,0x0000000029ae0000)]
  0x000000001bb03800 JavaThread "jar transforms Thread 174" [_thread_blocked, id=4824, stack(0x00000000298e0000,0x00000000299e0000)]
  0x000000001bb02000 JavaThread "jar transforms Thread 173" [_thread_blocked, id=13636, stack(0x00000000297e0000,0x00000000298e0000)]
  0x000000001bb07800 JavaThread "jar transforms Thread 172" [_thread_blocked, id=4000, stack(0x00000000296e0000,0x00000000297e0000)]
  0x000000001bb06800 JavaThread "jar transforms Thread 171" [_thread_blocked, id=14980, stack(0x00000000295e0000,0x00000000296e0000)]
  0x000000001bb04800 JavaThread "jar transforms Thread 170" [_thread_blocked, id=11944, stack(0x00000000294e0000,0x00000000295e0000)]
  0x000000002c590000 JavaThread "jar transforms Thread 169" [_thread_blocked, id=5460, stack(0x00000000293e0000,0x00000000294e0000)]
  0x000000002c58c000 JavaThread "jar transforms Thread 168" [_thread_blocked, id=11084, stack(0x00000000292e0000,0x00000000293e0000)]
  0x000000002c58e800 JavaThread "jar transforms Thread 167" [_thread_blocked, id=14636, stack(0x00000000291e0000,0x00000000292e0000)]
  0x000000002c58d800 JavaThread "jar transforms Thread 166" [_thread_blocked, id=16012, stack(0x00000000290e0000,0x00000000291e0000)]
  0x000000002c58f000 JavaThread "jar transforms Thread 165" [_thread_blocked, id=16076, stack(0x0000000028fe0000,0x00000000290e0000)]
  0x000000002c589800 JavaThread "jar transforms Thread 164" [_thread_blocked, id=10464, stack(0x0000000028ee0000,0x0000000028fe0000)]
  0x000000002c58d000 JavaThread "jar transforms Thread 163" [_thread_blocked, id=2216, stack(0x0000000028de0000,0x0000000028ee0000)]
  0x000000002c584800 JavaThread "jar transforms Thread 162" [_thread_blocked, id=5516, stack(0x0000000028ce0000,0x0000000028de0000)]
  0x000000002c589000 JavaThread "jar transforms Thread 161" [_thread_blocked, id=32, stack(0x0000000028be0000,0x0000000028ce0000)]
  0x000000002c58b800 JavaThread "jar transforms Thread 160" [_thread_blocked, id=1120, stack(0x0000000028ae0000,0x0000000028be0000)]
  0x000000002c58a800 JavaThread "jar transforms Thread 159" [_thread_blocked, id=5388, stack(0x00000000289e0000,0x0000000028ae0000)]
  0x000000002c587800 JavaThread "jar transforms Thread 158" [_thread_blocked, id=6212, stack(0x00000000288e0000,0x00000000289e0000)]
  0x000000002c583000 JavaThread "jar transforms Thread 157" [_thread_blocked, id=8148, stack(0x00000000287e0000,0x00000000288e0000)]
  0x000000002c581800 JavaThread "jar transforms Thread 156" [_thread_blocked, id=6404, stack(0x00000000286e0000,0x00000000287e0000)]
  0x000000002c586800 JavaThread "jar transforms Thread 155" [_thread_blocked, id=12120, stack(0x00000000285e0000,0x00000000286e0000)]
  0x000000002c582000 JavaThread "jar transforms Thread 154" [_thread_blocked, id=10928, stack(0x00000000284e0000,0x00000000285e0000)]
  0x000000002c588000 JavaThread "jar transforms Thread 153" [_thread_blocked, id=13840, stack(0x00000000283e0000,0x00000000284e0000)]
  0x000000002c586000 JavaThread "jar transforms Thread 152" [_thread_blocked, id=2080, stack(0x000000001ebb0000,0x000000001ecb0000)]
  0x000000002c580800 JavaThread "jar transforms Thread 151" [_thread_blocked, id=11772, stack(0x00000000282e0000,0x00000000283e0000)]
  0x000000002c583800 JavaThread "jar transforms Thread 150" [_thread_blocked, id=10408, stack(0x00000000281e0000,0x00000000282e0000)]
  0x000000002c585000 JavaThread "jar transforms Thread 149" [_thread_blocked, id=14284, stack(0x00000000280e0000,0x00000000281e0000)]
  0x000000001ccbc800 JavaThread "jar transforms Thread 148" [_thread_blocked, id=11208, stack(0x0000000027fe0000,0x00000000280e0000)]
  0x000000001ccc1800 JavaThread "jar transforms Thread 147" [_thread_blocked, id=9588, stack(0x0000000027ee0000,0x0000000027fe0000)]
  0x000000001ccc1000 JavaThread "jar transforms Thread 146" [_thread_blocked, id=2888, stack(0x0000000027de0000,0x0000000027ee0000)]
  0x000000001ccc0000 JavaThread "jar transforms Thread 145" [_thread_blocked, id=15544, stack(0x0000000027ce0000,0x0000000027de0000)]
  0x000000001ccbb800 JavaThread "jar transforms Thread 144" [_thread_blocked, id=5808, stack(0x0000000027be0000,0x0000000027ce0000)]
  0x0000000023c44000 JavaThread "jar transforms Thread 143" [_thread_blocked, id=10404, stack(0x0000000027ae0000,0x0000000027be0000)]
  0x0000000023c43000 JavaThread "jar transforms Thread 142" [_thread_blocked, id=5740, stack(0x00000000279e0000,0x0000000027ae0000)]
  0x0000000023c42800 JavaThread "jar transforms Thread 141" [_thread_blocked, id=11244, stack(0x00000000278e0000,0x00000000279e0000)]
  0x0000000023c41800 JavaThread "jar transforms Thread 140" [_thread_blocked, id=12144, stack(0x00000000277e0000,0x00000000278e0000)]
  0x0000000023c3a000 JavaThread "jar transforms Thread 139" [_thread_blocked, id=3088, stack(0x00000000276e0000,0x00000000277e0000)]
  0x0000000023c41000 JavaThread "jar transforms Thread 138" [_thread_blocked, id=16268, stack(0x00000000275e0000,0x00000000276e0000)]
  0x0000000023c39800 JavaThread "jar transforms Thread 137" [_thread_blocked, id=7892, stack(0x00000000274e0000,0x00000000275e0000)]
  0x0000000023c40000 JavaThread "jar transforms Thread 136" [_thread_blocked, id=7512, stack(0x00000000273e0000,0x00000000274e0000)]
  0x0000000023c3e000 JavaThread "jar transforms Thread 135" [_thread_blocked, id=6864, stack(0x00000000272e0000,0x00000000273e0000)]
  0x0000000023c3c800 JavaThread "jar transforms Thread 134" [_thread_blocked, id=7152, stack(0x00000000271e0000,0x00000000272e0000)]
  0x0000000023c3b000 JavaThread "jar transforms Thread 133" [_thread_blocked, id=11820, stack(0x00000000270e0000,0x00000000271e0000)]
  0x0000000023c35800 JavaThread "jar transforms Thread 132" [_thread_blocked, id=11900, stack(0x0000000026fe0000,0x00000000270e0000)]
  0x0000000023c38000 JavaThread "jar transforms Thread 131" [_thread_blocked, id=4984, stack(0x0000000026ee0000,0x0000000026fe0000)]
  0x0000000023c35000 JavaThread "jar transforms Thread 130" [_thread_blocked, id=13544, stack(0x0000000026de0000,0x0000000026ee0000)]
  0x00000000215a0800 JavaThread "jar transforms Thread 129" [_thread_blocked, id=15876, stack(0x0000000026ce0000,0x0000000026de0000)]
  0x00000000215a1000 JavaThread "jar transforms Thread 128" [_thread_blocked, id=4408, stack(0x0000000026be0000,0x0000000026ce0000)]
  0x000000002159f800 JavaThread "jar transforms Thread 127" [_thread_blocked, id=14484, stack(0x0000000026ae0000,0x0000000026be0000)]
  0x000000002159e000 JavaThread "jar transforms Thread 126" [_thread_blocked, id=12052, stack(0x00000000269e0000,0x0000000026ae0000)]
  0x00000000215a3800 JavaThread "jar transforms Thread 125" [_thread_blocked, id=15236, stack(0x00000000268e0000,0x00000000269e0000)]
  0x000000002159f000 JavaThread "jar transforms Thread 124" [_thread_blocked, id=14968, stack(0x00000000267e0000,0x00000000268e0000)]
  0x00000000215a2000 JavaThread "jar transforms Thread 123" [_thread_blocked, id=15120, stack(0x00000000266e0000,0x00000000267e0000)]
  0x00000000215a2800 JavaThread "jar transforms Thread 122" [_thread_blocked, id=11020, stack(0x00000000265e0000,0x00000000266e0000)]
  0x0000000021596800 JavaThread "jar transforms Thread 121" [_thread_blocked, id=8644, stack(0x00000000264e0000,0x00000000265e0000)]
  0x000000002159d800 JavaThread "jar transforms Thread 120" [_thread_blocked, id=11796, stack(0x00000000263e0000,0x00000000264e0000)]
  0x000000002159c800 JavaThread "jar transforms Thread 119" [_thread_blocked, id=9208, stack(0x00000000262e0000,0x00000000263e0000)]
  0x0000000021595000 JavaThread "jar transforms Thread 118" [_thread_blocked, id=11248, stack(0x00000000261e0000,0x00000000262e0000)]
  0x000000002159c000 JavaThread "jar transforms Thread 117" [_thread_blocked, id=8488, stack(0x00000000260e0000,0x00000000261e0000)]
  0x0000000021594800 JavaThread "jar transforms Thread 116" [_thread_blocked, id=13600, stack(0x0000000025fe0000,0x00000000260e0000)]
  0x000000002159b000 JavaThread "jar transforms Thread 115" [_thread_blocked, id=3308, stack(0x0000000025ee0000,0x0000000025fe0000)]
  0x0000000021598000 JavaThread "jar transforms Thread 114" [_thread_blocked, id=12568, stack(0x0000000025de0000,0x0000000025ee0000)]
  0x0000000021597800 JavaThread "jar transforms Thread 113" [_thread_blocked, id=12556, stack(0x0000000025ce0000,0x0000000025de0000)]
  0x000000002159a800 JavaThread "jar transforms Thread 112" [_thread_blocked, id=13668, stack(0x0000000025be0000,0x0000000025ce0000)]
  0x000000002fd42800 JavaThread "jar transforms Thread 111" [_thread_blocked, id=12284, stack(0x0000000025ae0000,0x0000000025be0000)]
  0x000000002fd49000 JavaThread "jar transforms Thread 110" [_thread_blocked, id=3184, stack(0x00000000259e0000,0x0000000025ae0000)]
  0x000000002fd48800 JavaThread "jar transforms Thread 109" [_thread_blocked, id=8588, stack(0x00000000258e0000,0x00000000259e0000)]
  0x000000002fd47800 JavaThread "jar transforms Thread 108" [_thread_blocked, id=536, stack(0x00000000257e0000,0x00000000258e0000)]
  0x000000002fd47000 JavaThread "jar transforms Thread 107" [_thread_blocked, id=16272, stack(0x00000000256e0000,0x00000000257e0000)]
  0x000000002fd46000 JavaThread "jar transforms Thread 106" [_thread_blocked, id=2848, stack(0x00000000255e0000,0x00000000256e0000)]
  0x000000002fd45800 JavaThread "jar transforms Thread 105" [_thread_blocked, id=13660, stack(0x00000000254e0000,0x00000000255e0000)]
  0x000000002fd44000 JavaThread "jar transforms Thread 104" [_thread_blocked, id=3220, stack(0x00000000253e0000,0x00000000254e0000)]
  0x000000002fd44800 JavaThread "jar transforms Thread 103" [_thread_blocked, id=14120, stack(0x00000000252e0000,0x00000000253e0000)]
  0x000000002fd43000 JavaThread "jar transforms Thread 102" [_thread_blocked, id=10744, stack(0x00000000251e0000,0x00000000252e0000)]
  0x000000002fd3b000 JavaThread "jar transforms Thread 101" [_thread_blocked, id=8056, stack(0x00000000250e0000,0x00000000251e0000)]
  0x000000002fd3d000 JavaThread "jar transforms Thread 100" [_thread_blocked, id=2288, stack(0x0000000024fe0000,0x00000000250e0000)]
  0x000000002fd41000 JavaThread "jar transforms Thread 99" [_thread_blocked, id=7868, stack(0x0000000024ee0000,0x0000000024fe0000)]
  0x000000002fd3c800 JavaThread "jar transforms Thread 98" [_thread_blocked, id=12124, stack(0x0000000024de0000,0x0000000024ee0000)]
  0x000000002fd41800 JavaThread "jar transforms Thread 97" [_thread_blocked, id=372, stack(0x0000000024be0000,0x0000000024ce0000)]
  0x000000002fd40000 JavaThread "jar transforms Thread 96" [_thread_blocked, id=9528, stack(0x0000000024ae0000,0x0000000024be0000)]
  0x000000002fd3f800 JavaThread "jar transforms Thread 95" [_thread_blocked, id=2908, stack(0x00000000249e0000,0x0000000024ae0000)]
  0x000000002fd3e800 JavaThread "jar transforms Thread 94" [_thread_blocked, id=14128, stack(0x00000000248e0000,0x00000000249e0000)]
  0x000000002fd3b800 JavaThread "jar transforms Thread 93" [_thread_blocked, id=16324, stack(0x00000000247e0000,0x00000000248e0000)]
  0x000000001d31b000 JavaThread "Daemon worker Thread 2" [_thread_blocked, id=8992, stack(0x000000001d900000,0x000000001da00000)]
  0x000000001d31a000 JavaThread "Daemon Thread 2" [_thread_blocked, id=15976, stack(0x0000000001040000,0x0000000001140000)]
  0x0000000023c36800 JavaThread "Memory manager" [_thread_blocked, id=15820, stack(0x000000002ae70000,0x000000002af70000)]
  0x000000001ccbe000 JavaThread "Cache worker for file content cache (C:\Users\shuhu\.gradle\caches\6.5\fileContent)" [_thread_blocked, id=10332, stack(0x0000000022e10000,0x0000000022f10000)]
  0x000000001ccc2800 JavaThread "Cache worker for execution history cache (C:\Users\shuhu\.gradle\caches\6.5\executionHistory)" [_thread_blocked, id=8948, stack(0x0000000022610000,0x0000000022710000)]
  0x000000001ccbe800 JavaThread "Cache worker for file hash cache (C:\Users\shuhu\.gradle\caches\6.5\fileHashes)" [_thread_blocked, id=3988, stack(0x000000001eab0000,0x000000001ebb0000)]
  0x000000001ccbd000 JavaThread "File lock request listener" [_thread_in_native, id=6008, stack(0x000000001e9b0000,0x000000001eab0000)]
  0x000000001af50000 JavaThread "Cache worker for journal cache (C:\Users\shuhu\.gradle\caches\journal-1)" [_thread_blocked, id=13892, stack(0x000000001e8b0000,0x000000001e9b0000)]
  0x000000001ca52000 JavaThread "Daemon periodic checks" [_thread_blocked, id=1168, stack(0x000000001dcb0000,0x000000001ddb0000)]
  0x000000001ca50000 JavaThread "Incoming local TCP Connector on port 51378" [_thread_in_native, id=4848, stack(0x000000001db00000,0x000000001dc00000)]
  0x000000001c9a7000 JavaThread "Daemon health stats" [_thread_blocked, id=9840, stack(0x000000001d800000,0x000000001d900000)]
  0x000000001829e800 JavaThread "Service Thread" daemon [_thread_blocked, id=13248, stack(0x000000001ac60000,0x000000001ad60000)]
  0x000000001829d000 JavaThread "C1 CompilerThread3" daemon [_thread_blocked, id=11420, stack(0x000000001ab60000,0x000000001ac60000)]
  0x000000001a09c000 JavaThread "C2 CompilerThread2" daemon [_thread_in_native, id=14448, stack(0x000000001aa60000,0x000000001ab60000)]
  0x000000001a099000 JavaThread "C2 CompilerThread1" daemon [_thread_in_native, id=3684, stack(0x000000001a960000,0x000000001aa60000)]
=>0x000000001a096000 JavaThread "C2 CompilerThread0" daemon [_thread_in_native, id=12372, stack(0x000000001a860000,0x000000001a960000)]
  0x000000001a0f8800 JavaThread "Attach Listener" daemon [_thread_blocked, id=11916, stack(0x000000001a760000,0x000000001a860000)]
  0x000000001a0f7000 JavaThread "Signal Dispatcher" daemon [_thread_blocked, id=4800, stack(0x000000001a660000,0x000000001a760000)]
  0x000000001a081800 JavaThread "Finalizer" daemon [_thread_blocked, id=808, stack(0x000000001a560000,0x000000001a660000)]
  0x000000001a080800 JavaThread "Reference Handler" daemon [_thread_blocked, id=2444, stack(0x000000001a460000,0x000000001a560000)]
  0x0000000002c3d800 JavaThread "main" [_thread_blocked, id=2872, stack(0x0000000003020000,0x0000000003120000)]

Other Threads:
  0x0000000018288000 VMThread [stack: 0x0000000019f60000,0x000000001a060000] [id=12476]
  0x000000001a102800 WatcherThread [stack: 0x000000001ad60000,0x000000001ae60000] [id=3676]

VM state:not at safepoint (normal execution)

VM Mutex/Monitor currently owned by a thread: None

heap address: 0x0000000080000000, size: 2048 MB, Compressed Oops mode: 32-bit
Narrow klass base: 0x0000000000000000, Narrow klass shift: 3
Compressed class space size: 1073741824 Address: 0x0000000100000000

Heap:
 PSYoungGen      total 503296K, used 307158K [0x00000000d5580000, 0x00000000fca80000, 0x0000000100000000)
  eden space 430592K, 63% used [0x00000000d5580000,0x00000000e60e4000,0x00000000efa00000)
  from space 72704K, 45% used [0x00000000efa00000,0x00000000f1a918f8,0x00000000f4100000)
  to   space 70144K, 0% used [0x00000000f8600000,0x00000000f8600000,0x00000000fca80000)
 ParOldGen       total 358400K, used 155396K [0x0000000080000000, 0x0000000095e00000, 0x00000000d5580000)
  object space 358400K, 43% used [0x0000000080000000,0x00000000897c12a0,0x0000000095e00000)
 Metaspace       used 140041K, capacity 146997K, committed 147288K, reserved 1177600K
  class space    used 17963K, capacity 19250K, committed 19328K, reserved 1048576K

Card table byte_map: [0x00000000125e0000,0x00000000129f0000] byte_map_base: 0x00000000121e0000

Marking Bits: (ParMarkBitMap*) 0x000000006d20f030
 Begin Bits: [0x00000000134a0000, 0x00000000154a0000)
 End Bits:   [0x00000000154a0000, 0x00000000174a0000)

Polling page: 0x0000000000e40000

CodeCache: size=245760Kb used=64106Kb max_used=64128Kb free=181653Kb
 bounds [0x0000000003220000, 0x0000000007120000, 0x0000000012220000]
 total_blobs=20751 nmethods=19784 adapters=878
 compilation: enabled

Compilation events (10 events):
Event: 3237.902 Thread 0x000000001a099000 nmethod 24593 0x00000000044d58d0 code [0x00000000044d5a40, 0x00000000044d5ca8]
Event: 3237.903 Thread 0x000000001a099000 24597       4       java.io.ObjectStreamClass$FieldReflector::setObjFieldValues (248 bytes)
Event: 3237.907 Thread 0x000000001a099000 nmethod 24597 0x0000000003d99190 code [0x0000000003d992e0, 0x0000000003d99678]
Event: 3237.907 Thread 0x000000001a099000 24599   !   4       java.io.ObjectInputStream::readSerialData (367 bytes)
Event: 3237.918 Thread 0x000000001829d000 24604       1       com.android.ide.common.resources.CompileResourceRequest::getPartialRFile (5 bytes)
Event: 3237.918 Thread 0x000000001a09c000 nmethod 24592 0x00000000070fd690 code [0x00000000070fd8a0, 0x00000000070fe810]
Event: 3237.918 Thread 0x000000001a09c000 24600   !   4       java.io.ObjectInputStream::readObject0 (671 bytes)
Event: 3237.919 Thread 0x000000001829d000 nmethod 24604 0x000000000482a150 code [0x000000000482a2a0, 0x000000000482a3b0]
Event: 3237.954 Thread 0x000000001829d000 24605   !   3       com.android.builder.profile.ProcessProfileWriterFactory::getFactory (33 bytes)
Event: 3237.955 Thread 0x000000001829d000 nmethod 24605 0x0000000004a5d990 code [0x0000000004a5db00, 0x0000000004a5df70]

GC Heap History (10 events):
Event: 13.681 GC heap before
{Heap before GC invocations=15 (full 4):
 PSYoungGen      total 403456K, used 26785K [0x00000000d5580000, 0x00000000f3d00000, 0x0000000100000000)
  eden space 361984K, 0% used [0x00000000d5580000,0x00000000d5580000,0x00000000eb700000)
  from space 41472K, 64% used [0x00000000eb700000,0x00000000ed128528,0x00000000edf80000)
  to   space 42496K, 0% used [0x00000000f1380000,0x00000000f1380000,0x00000000f3d00000)
 ParOldGen       total 216576K, used 91713K [0x0000000080000000, 0x000000008d380000, 0x00000000d5580000)
  object space 216576K, 42% used [0x0000000080000000,0x00000000859905f0,0x000000008d380000)
 Metaspace       used 93170K, capacity 97988K, committed 98264K, reserved 1134592K
  class space    used 12388K, capacity 13281K, committed 13312K, reserved 1048576K
Event: 13.814 GC heap after
Heap after GC invocations=15 (full 4):
 PSYoungGen      total 403456K, used 0K [0x00000000d5580000, 0x00000000f3d00000, 0x0000000100000000)
  eden space 361984K, 0% used [0x00000000d5580000,0x00000000d5580000,0x00000000eb700000)
  from space 41472K, 0% used [0x00000000eb700000,0x00000000eb700000,0x00000000edf80000)
  to   space 42496K, 0% used [0x00000000f1380000,0x00000000f1380000,0x00000000f3d00000)
 ParOldGen       total 358400K, used 84597K [0x0000000080000000, 0x0000000095e00000, 0x00000000d5580000)
  object space 358400K, 23% used [0x0000000080000000,0x000000008529d5c8,0x0000000095e00000)
 Metaspace       used 92854K, capacity 97064K, committed 98264K, reserved 1134592K
  class space    used 12287K, capacity 13103K, committed 13312K, reserved 1048576K
}
Event: 3155.962 GC heap before
{Heap before GC invocations=16 (full 4):
 PSYoungGen      total 403456K, used 361984K [0x00000000d5580000, 0x00000000f3d00000, 0x0000000100000000)
  eden space 361984K, 100% used [0x00000000d5580000,0x00000000eb700000,0x00000000eb700000)
  from space 41472K, 0% used [0x00000000eb700000,0x00000000eb700000,0x00000000edf80000)
  to   space 42496K, 0% used [0x00000000f1380000,0x00000000f1380000,0x00000000f3d00000)
 ParOldGen       total 358400K, used 84597K [0x0000000080000000, 0x0000000095e00000, 0x00000000d5580000)
  object space 358400K, 23% used [0x0000000080000000,0x000000008529d5c8,0x0000000095e00000)
 Metaspace       used 118900K, capacity 123541K, committed 124120K, reserved 1157120K
  class space    used 15395K, capacity 16351K, committed 16384K, reserved 1048576K
Event: 3156.033 GC heap after
Heap after GC invocations=16 (full 4):
 PSYoungGen      total 394240K, used 42471K [0x00000000d5580000, 0x00000000f3d00000, 0x0000000100000000)
  eden space 351744K, 0% used [0x00000000d5580000,0x00000000d5580000,0x00000000ead00000)
  from space 42496K, 99% used [0x00000000f1380000,0x00000000f3cf9c90,0x00000000f3d00000)
  to   space 53760K, 0% used [0x00000000ed400000,0x00000000ed400000,0x00000000f0880000)
 ParOldGen       total 358400K, used 98157K [0x0000000080000000, 0x0000000095e00000, 0x00000000d5580000)
  object space 358400K, 27% used [0x0000000080000000,0x0000000085fdb428,0x0000000095e00000)
 Metaspace       used 118900K, capacity 123541K, committed 124120K, reserved 1157120K
  class space    used 15395K, capacity 16351K, committed 16384K, reserved 1048576K
}
Event: 3158.197 GC heap before
{Heap before GC invocations=17 (full 4):
 PSYoungGen      total 394240K, used 394215K [0x00000000d5580000, 0x00000000f3d00000, 0x0000000100000000)
  eden space 351744K, 100% used [0x00000000d5580000,0x00000000ead00000,0x00000000ead00000)
  from space 42496K, 99% used [0x00000000f1380000,0x00000000f3cf9c90,0x00000000f3d00000)
  to   space 53760K, 0% used [0x00000000ed400000,0x00000000ed400000,0x00000000f0880000)
 ParOldGen       total 358400K, used 98157K [0x0000000080000000, 0x0000000095e00000, 0x00000000d5580000)
  object space 358400K, 27% used [0x0000000080000000,0x0000000085fdb428,0x0000000095e00000)
 Metaspace       used 123743K, capacity 128857K, committed 128984K, reserved 1161216K
  class space    used 16103K, capacity 17149K, committed 17152K, reserved 1048576K
Event: 3158.298 GC heap after
Heap after GC invocations=17 (full 4):
 PSYoungGen      total 445440K, used 53744K [0x00000000d5580000, 0x00000000f8c00000, 0x0000000100000000)
  eden space 391680K, 0% used [0x00000000d5580000,0x00000000d5580000,0x00000000ed400000)
  from space 53760K, 99% used [0x00000000ed400000,0x00000000f087c180,0x00000000f0880000)
  to   space 76800K, 0% used [0x00000000f4100000,0x00000000f4100000,0x00000000f8c00000)
 ParOldGen       total 358400K, used 137443K [0x0000000080000000, 0x0000000095e00000, 0x00000000d5580000)
  object space 358400K, 38% used [0x0000000080000000,0x0000000088638f58,0x0000000095e00000)
 Metaspace       used 123743K, capacity 128857K, committed 128984K, reserved 1161216K
  class space    used 16103K, capacity 17149K, committed 17152K, reserved 1048576K
}
Event: 3160.497 GC heap before
{Heap before GC invocations=18 (full 4):
 PSYoungGen      total 445440K, used 445424K [0x00000000d5580000, 0x00000000f8c00000, 0x0000000100000000)
  eden space 391680K, 100% used [0x00000000d5580000,0x00000000ed400000,0x00000000ed400000)
  from space 53760K, 99% used [0x00000000ed400000,0x00000000f087c180,0x00000000f0880000)
  to   space 76800K, 0% used [0x00000000f4100000,0x00000000f4100000,0x00000000f8c00000)
 ParOldGen       total 358400K, used 137443K [0x0000000080000000, 0x0000000095e00000, 0x00000000d5580000)
  object space 358400K, 38% used [0x0000000080000000,0x0000000088638f58,0x0000000095e00000)
 Metaspace       used 132185K, capacity 137875K, committed 137944K, reserved 1169408K
  class space    used 17089K, capacity 18167K, committed 18176K, reserved 1048576K
Event: 3160.530 GC heap after
Heap after GC invocations=18 (full 4):
 PSYoungGen      total 507392K, used 24649K [0x00000000d5580000, 0x00000000fb080000, 0x0000000100000000)
  eden space 430592K, 0% used [0x00000000d5580000,0x00000000d5580000,0x00000000efa00000)
  from space 76800K, 32% used [0x00000000f4100000,0x00000000f5912578,0x00000000f8c00000)
  to   space 72704K, 0% used [0x00000000efa00000,0x00000000efa00000,0x00000000f4100000)
 ParOldGen       total 358400K, used 155388K [0x0000000080000000, 0x0000000095e00000, 0x00000000d5580000)
  object space 358400K, 43% used [0x0000000080000000,0x00000000897bf2a0,0x0000000095e00000)
 Metaspace       used 132185K, capacity 137875K, committed 137944K, reserved 1169408K
  class space    used 17089K, capacity 18167K, committed 18176K, reserved 1048576K
}
Event: 3204.778 GC heap before
{Heap before GC invocations=19 (full 4):
 PSYoungGen      total 507392K, used 455241K [0x00000000d5580000, 0x00000000fb080000, 0x0000000100000000)
  eden space 430592K, 100% used [0x00000000d5580000,0x00000000efa00000,0x00000000efa00000)
  from space 76800K, 32% used [0x00000000f4100000,0x00000000f5912578,0x00000000f8c00000)
  to   space 72704K, 0% used [0x00000000efa00000,0x00000000efa00000,0x00000000f4100000)
 ParOldGen       total 358400K, used 155388K [0x0000000080000000, 0x0000000095e00000, 0x00000000d5580000)
  object space 358400K, 43% used [0x0000000080000000,0x00000000897bf2a0,0x0000000095e00000)
 Metaspace       used 139104K, capacity 145867K, committed 146136K, reserved 1175552K
  class space    used 17896K, capacity 19131K, committed 19200K, reserved 1048576K
Event: 3204.800 GC heap after
Heap after GC invocations=19 (full 4):
 PSYoungGen      total 503296K, used 33350K [0x00000000d5580000, 0x00000000fca80000, 0x0000000100000000)
  eden space 430592K, 0% used [0x00000000d5580000,0x00000000d5580000,0x00000000efa00000)
  from space 72704K, 45% used [0x00000000efa00000,0x00000000f1a918f8,0x00000000f4100000)
  to   space 70144K, 0% used [0x00000000f8600000,0x00000000f8600000,0x00000000fca80000)
 ParOldGen       total 358400K, used 155396K [0x0000000080000000, 0x0000000095e00000, 0x00000000d5580000)
  object space 358400K, 43% used [0x0000000080000000,0x00000000897c12a0,0x0000000095e00000)
 Metaspace       used 139104K, capacity 145867K, committed 146136K, reserved 1175552K
  class space    used 17896K, capacity 19131K, committed 19200K, reserved 1048576K
}

Deoptimization events (10 events):
Event: 3237.513 Thread 0x000000001d31b000 Uncommon trap: reason=class_check action=maybe_recompile pc=0x0000000006f466c8 method=com.sun.org.apache.xerces.internal.dom.AttrImpl.getOwnerElement()Lorg/w3c/dom/Element; @ 18
Event: 3237.514 Thread 0x000000001d31b000 Uncommon trap: reason=class_check action=maybe_recompile pc=0x0000000006f466c8 method=com.sun.org.apache.xerces.internal.dom.AttrImpl.getOwnerElement()Lorg/w3c/dom/Element; @ 18
Event: 3237.514 Thread 0x000000001d31b000 Uncommon trap: reason=class_check action=maybe_recompile pc=0x0000000006f466c8 method=com.sun.org.apache.xerces.internal.dom.AttrImpl.getOwnerElement()Lorg/w3c/dom/Element; @ 18
Event: 3237.514 Thread 0x000000001d31b000 Uncommon trap: reason=unstable_if action=reinterpret pc=0x0000000006f1d8cc method=com.sun.org.apache.xerces.internal.dom.ParentNode.checkNormalizationAfterInsert(Lcom/sun/org/apache/xerces/internal/dom/ChildNode;)V @ 27
Event: 3237.514 Thread 0x000000001d31b000 Uncommon trap: reason=unstable_if action=reinterpret pc=0x0000000003ffb06c method=com.sun.org.apache.xerces.internal.dom.ParentNode.checkNormalizationAfterInsert(Lcom/sun/org/apache/xerces/internal/dom/ChildNode;)V @ 27
Event: 3237.572 Thread 0x000000001d31b000 Uncommon trap: reason=array_check action=maybe_recompile pc=0x0000000007037e94 method=java.util.ComparableTimSort.binarySort([Ljava/lang/Object;III)V @ 215
Event: 3237.594 Thread 0x0000000023c3f800 Uncommon trap: reason=array_check action=maybe_recompile pc=0x0000000007037f58 method=java.util.ComparableTimSort.binarySort([Ljava/lang/Object;III)V @ 193
Event: 3237.610 Thread 0x000000001d323800 Uncommon trap: reason=unstable_if action=reinterpret pc=0x000000000708b2a4 method=com.google.gson.stream.JsonWriter.string(Ljava/lang/String;)V @ 4
Event: 3237.785 Thread 0x000000001d323800 Uncommon trap: reason=bimorphic action=maybe_recompile pc=0x0000000005adec40 method=com.sun.org.apache.xerces.internal.dom.ElementImpl.getNodeName()Ljava/lang/String; @ 8
Event: 3237.810 Thread 0x000000001d323800 Uncommon trap: reason=bimorphic action=maybe_recompile pc=0x0000000007087110 method=java.io.Writer.append(Ljava/lang/CharSequence;)Ljava/io/Writer; @ 20

Classes redefined (0 events):
No events

Internal exceptions (10 events):
Event: 3237.039 Thread 0x000000001d31b000 Exception <a 'java/lang/NoSuchMethodError': <clinit>> (0x00000000e21da398) thrown at [C:\src\AOSP-openjdk-git\hotspot\src\share\vm\prims\jni.cpp, line 1615]
Event: 3237.041 Thread 0x000000001d31b000 Exception <a 'java/lang/NoSuchMethodError': <clinit>> (0x00000000e2202658) thrown at [C:\src\AOSP-openjdk-git\hotspot\src\share\vm\prims\jni.cpp, line 1615]
Event: 3237.043 Thread 0x000000001d31b000 Exception <a 'java/lang/NoSuchMethodError': <clinit>> (0x00000000e222dfc8) thrown at [C:\src\AOSP-openjdk-git\hotspot\src\share\vm\prims\jni.cpp, line 1615]
Event: 3237.043 Thread 0x000000001d31b000 Exception <a 'java/lang/NoSuchMethodError': <clinit>> (0x00000000e2246e68) thrown at [C:\src\AOSP-openjdk-git\hotspot\src\share\vm\prims\jni.cpp, line 1615]
Event: 3237.715 Thread 0x000000001d323800 Exception <a 'sun/nio/fs/WindowsException'> (0x00000000e539c068) thrown at [C:\src\AOSP-openjdk-git\hotspot\src\share\vm\prims\jni.cpp, line 710]
Event: 3237.715 Thread 0x000000001d323800 Exception <a 'sun/nio/fs/WindowsException'> (0x00000000e539d100) thrown at [C:\src\AOSP-openjdk-git\hotspot\src\share\vm\prims\jni.cpp, line 710]
Event: 3237.715 Thread 0x000000001d323800 Exception <a 'sun/nio/fs/WindowsException'> (0x00000000e539dc18) thrown at [C:\src\AOSP-openjdk-git\hotspot\src\share\vm\prims\jni.cpp, line 710]
Event: 3237.715 Thread 0x000000001d323800 Exception <a 'sun/nio/fs/WindowsException'> (0x00000000e539ec80) thrown at [C:\src\AOSP-openjdk-git\hotspot\src\share\vm\prims\jni.cpp, line 710]
Event: 3237.715 Thread 0x000000001d323800 Exception <a 'sun/nio/fs/WindowsException'> (0x00000000e539f738) thrown at [C:\src\AOSP-openjdk-git\hotspot\src\share\vm\prims\jni.cpp, line 710]
Event: 3237.715 Thread 0x000000001d323800 Exception <a 'sun/nio/fs/WindowsException'> (0x00000000e53a0780) thrown at [C:\src\AOSP-openjdk-git\hotspot\src\share\vm\prims\jni.cpp, line 710]

Events (10 events):
Event: 3237.687 Thread 0x000000002c982800 Thread added: 0x000000002c982800
Event: 3237.687 Thread 0x000000002c984000 Thread added: 0x000000002c984000
Event: 3237.702 Thread 0x000000002c987000 Thread added: 0x000000002c987000
Event: 3237.702 Thread 0x000000002c985800 Thread added: 0x000000002c985800
Event: 3237.785 Thread 0x000000001d323800 Uncommon trap: trap_request=0xffffffc6 fr.pc=0x0000000005adec40
Event: 3237.785 Thread 0x000000001d323800 DEOPT PACKING pc=0x0000000005adec40 sp=0x000000002cb5b230
Event: 3237.785 Thread 0x000000001d323800 DEOPT UNPACKING pc=0x000000000326557b sp=0x000000002cb5b1f0 mode 2
Event: 3237.810 Thread 0x000000001d323800 Uncommon trap: trap_request=0xffffffc6 fr.pc=0x0000000007087110
Event: 3237.810 Thread 0x000000001d323800 DEOPT PACKING pc=0x0000000007087110 sp=0x000000002cb5b780
Event: 3237.810 Thread 0x000000001d323800 DEOPT UNPACKING pc=0x000000000326557b sp=0x000000002cb5b780 mode 2


Dynamic libraries:
0x00007ff6d5e30000 - 0x00007ff6d5e61000 	D:\Program Files\Android\Android Studio\jre\bin\java.exe
0x00007ffa20c80000 - 0x00007ffa20e70000 	C:\Windows\SYSTEM32\ntdll.dll
0x00007ffa1fb50000 - 0x00007ffa1fc02000 	C:\Windows\System32\KERNEL32.DLL
0x00007ffa1dce0000 - 0x00007ffa1df85000 	C:\Windows\System32\KERNELBASE.dll
0x00007ffa1b900000 - 0x00007ffa1b98f000 	C:\Windows\SYSTEM32\apphelp.dll
0x00007ffa1ed30000 - 0x00007ffa1edd3000 	C:\Windows\System32\ADVAPI32.dll
0x00007ffa1fc20000 - 0x00007ffa1fcbe000 	C:\Windows\System32\msvcrt.dll
0x00007ffa209b0000 - 0x00007ffa20a47000 	C:\Windows\System32\sechost.dll
0x00007ffa1f340000 - 0x00007ffa1f45f000 	C:\Windows\System32\RPCRT4.dll
0x00007ffa1f9b0000 - 0x00007ffa1fb44000 	C:\Windows\System32\USER32.dll
0x00007ffa1e2f0000 - 0x00007ffa1e311000 	C:\Windows\System32\win32u.dll
0x00007ffa20210000 - 0x00007ffa20236000 	C:\Windows\System32\GDI32.dll
0x00007ffa1e320000 - 0x00007ffa1e4b8000 	C:\Windows\System32\gdi32full.dll
0x00007ffa1ec90000 - 0x00007ffa1ed2e000 	C:\Windows\System32\msvcp_win.dll
0x00007ffa1df90000 - 0x00007ffa1e08a000 	C:\Windows\System32\ucrtbase.dll
0x00007ffa09510000 - 0x00007ffa09794000 	C:\Windows\WinSxS\amd64_microsoft.windows.common-controls_6595b64144ccf1df_6.0.18362.1379_none_9e7ff3b3e45cc0c4\COMCTL32.dll
0x00007ffa1fed0000 - 0x00007ffa20207000 	C:\Windows\System32\combase.dll
0x00007ffa1e260000 - 0x00007ffa1e2e1000 	C:\Windows\System32\bcryptPrimitives.dll
0x00007ffa1ef90000 - 0x00007ffa1efbe000 	C:\Windows\System32\IMM32.DLL
0x000000006c880000 - 0x000000006c952000 	D:\Program Files\Android\Android Studio\jre\jre\bin\msvcr100.dll
0x000000006ca40000 - 0x000000006d28b000 	D:\Program Files\Android\Android Studio\jre\jre\bin\server\jvm.dll
0x00007ffa1f460000 - 0x00007ffa1f468000 	C:\Windows\System32\PSAPI.DLL
0x00007ffa13060000 - 0x00007ffa1306a000 	C:\Windows\SYSTEM32\VERSION.dll
0x00007ffa1a010000 - 0x00007ffa1a034000 	C:\Windows\SYSTEM32\WINMM.dll
0x00007ffa1a410000 - 0x00007ffa1a419000 	C:\Windows\SYSTEM32\WSOCK32.dll
0x00007ffa20b70000 - 0x00007ffa20bdf000 	C:\Windows\System32\WS2_32.dll
0x00007ffa19f00000 - 0x00007ffa19f2d000 	C:\Windows\SYSTEM32\winmmbase.dll
0x00007ffa1e4c0000 - 0x00007ffa1e50a000 	C:\Windows\System32\cfgmgr32.dll
0x00007ffa1a370000 - 0x00007ffa1a37f000 	D:\Program Files\Android\Android Studio\jre\jre\bin\verify.dll
0x00007ffa17d10000 - 0x00007ffa17d39000 	D:\Program Files\Android\Android Studio\jre\jre\bin\java.dll
0x00007ffa131a0000 - 0x00007ffa131b6000 	D:\Program Files\Android\Android Studio\jre\jre\bin\zip.dll
0x00007ffa202c0000 - 0x00007ffa209a8000 	C:\Windows\System32\SHELL32.dll
0x00007ffa20ab0000 - 0x00007ffa20b57000 	C:\Windows\System32\shcore.dll
0x00007ffa1e510000 - 0x00007ffa1ec8b000 	C:\Windows\System32\windows.storage.dll
0x00007ffa1db80000 - 0x00007ffa1dba3000 	C:\Windows\System32\profapi.dll
0x00007ffa1dbb0000 - 0x00007ffa1dbfa000 	C:\Windows\System32\powrprof.dll
0x00007ffa1db30000 - 0x00007ffa1db40000 	C:\Windows\System32\UMPDC.dll
0x00007ffa20a50000 - 0x00007ffa20aa2000 	C:\Windows\System32\shlwapi.dll
0x00007ffa1db40000 - 0x00007ffa1db51000 	C:\Windows\System32\kernel.appcore.dll
0x00007ffa1e240000 - 0x00007ffa1e257000 	C:\Windows\System32\cryptsp.dll
0x00007ffa13180000 - 0x00007ffa1319a000 	D:\Program Files\Android\Android Studio\jre\jre\bin\net.dll
0x00007ffa1d370000 - 0x00007ffa1d3d7000 	C:\Windows\system32\mswsock.dll
0x00007ffa13140000 - 0x00007ffa13153000 	D:\Program Files\Android\Android Studio\jre\jre\bin\nio.dll
0x00007ff9fa700000 - 0x00007ff9fa727000 	C:\Users\shuhu\.gradle\native\f6784746aeab05261644944871eae4fe03e0ef1612fff0a4a95f87b438bc6780\windows-amd64\native-platform.dll
0x00007ffa19030000 - 0x00007ffa1903d000 	D:\Program Files\Android\Android Studio\jre\jre\bin\management.dll
0x00007ffa1cef0000 - 0x00007ffa1cf23000 	C:\Windows\system32\rsaenh.dll
0x00007ffa1dc00000 - 0x00007ffa1dc26000 	C:\Windows\System32\bcrypt.dll
0x00007ffa1da10000 - 0x00007ffa1da35000 	C:\Windows\SYSTEM32\USERENV.dll
0x00007ffa1d540000 - 0x00007ffa1d54c000 	C:\Windows\SYSTEM32\CRYPTBASE.dll
0x00007ffa1d080000 - 0x00007ffa1d0ba000 	C:\Windows\SYSTEM32\IPHLPAPI.DLL
0x00007ffa20b60000 - 0x00007ffa20b68000 	C:\Windows\System32\NSI.dll
0x00007ffa15830000 - 0x00007ffa15846000 	C:\Windows\SYSTEM32\dhcpcsvc6.DLL
0x00007ffa15930000 - 0x00007ffa1594c000 	C:\Windows\SYSTEM32\dhcpcsvc.DLL
0x00007ffa1d0c0000 - 0x00007ffa1d18b000 	C:\Windows\SYSTEM32\DNSAPI.dll
0x00007ffa16170000 - 0x00007ffa1617b000 	C:\Windows\SYSTEM32\WINNSI.DLL

VM Arguments:
jvm_args: -Xmx2048m -Dfile.encoding=UTF-8 -Duser.country=CN -Duser.language=zh -Duser.variant 
java_command: org.gradle.launcher.daemon.bootstrap.GradleDaemon 6.5
java_class_path (initial): C:\Users\shuhu\.gradle\wrapper\dists\gradle-6.5-bin\6nifqtx7604sqp1q6g8wikw7p\gradle-6.5\lib\gradle-launcher-6.5.jar
Launcher Type: SUN_STANDARD

Environment Variables:
PATH=C:\Windows\system32;C:\Windows;C:\Windows\System32\Wbem;C:\Windows\System32\WindowsPowerShell\v1.0\;C:\Windows\System32\OpenSSH\;C:\Program Files (x86)\NVIDIA Corporation\PhysX\Common;C:\Program Files\NVIDIA Corporation\NVIDIA NvDLISR;C:\Windows\system32;C:\Windows;C:\Windows\System32\Wbem;C:\Windows\System32\WindowsPowerShell\v1.0\;C:\Windows\System32\OpenSSH\;d:\Program Files\Git\cmd;D:\Program Files\nodejs\;C:\Users\shuhu\AppData\Local\Microsoft\WindowsApps;D:\Program Files\Microsoft VS Code\bin;C:\Users\shuhu\AppData\Local\GitHubDesktop\bin;d:\Program Files\JetBrains\IntelliJ IDEA Community Edition 2020.3.2\bin;C:\Users\shuhu\AppData\Roaming\npm
USERNAME=shuhu
OS=Windows_NT
PROCESSOR_IDENTIFIER=Intel64 Family 6 Model 165 Stepping 2, GenuineIntel



---------------  S Y S T E M  ---------------

OS: Windows 10.0 , 64 bit Build 18362 (10.0.18362.1350)

CPU:total 8 (initial active 8) (4 cores per cpu, 2 threads per core) family 6 model 165 stepping 2, cmov, cx8, fxsr, mmx, sse, sse2, sse3, ssse3, sse4.1, sse4.2, popcnt, avx, avx2, aes, clmul, erms, 3dnowpref, lzcnt, ht, tsc, tscinvbit, bmi1, bmi2, adx

Memory: 4k page, physical 16641840k(5161500k free), swap 19787568k(3476k free)

vm_info: OpenJDK 64-Bit Server VM (25.242-b01) for windows-amd64 JRE (1.8.0_242-release-1644-b01), built by "builder" with MS VC++ 10.0 (VS2010)

time: Sun Feb 21 21:16:21 2021
timezone: 中国标准时间
elapsed time: 3237 seconds (0d 0h 53m 57s)

