#
# There is insufficient memory for the Java Runtime Environment to continue.
# Native memory allocation (malloc) failed to allocate 81232 bytes for Chunk::new
# Possible reasons:
#   The system is out of physical RAM or swap space
#   The process is running with CompressedOops enabled, and the Java Heap may be blocking the growth of the native heap
# Possible solutions:
#   Reduce memory load on the system
#   Increase physical memory or swap space
#   Check if swap backing store is full
#   Decrease Java heap size (-Xmx/-Xms)
#   Decrease number of Java threads
#   Decrease Java thread stack sizes (-Xss)
#   Set larger code cache with -XX:ReservedCodeCacheSize=
#   JVM is running with Unscaled Compressed Oops mode in which the Java heap is
#     placed in the first 4GB address space. The Java Heap base address is the
#     maximum limit for the native heap growth. Please use -XX:HeapBaseMinAddress
#     to set the Java Heap base and to place the Java Heap above 4GB virtual address.
# This output file may be truncated or incomplete.
#
#  Out of Memory Error (allocation.cpp:389), pid=16080, tid=0x0000000000003e3c
#
# JRE version: OpenJDK Runtime Environment (8.0_242-b01) (build 1.8.0_242-release-1644-b01)
# Java VM: OpenJDK 64-Bit Server VM (25.242-b01 mixed mode windows-amd64 compressed oops)
# Failed to write core dump. Minidumps are not enabled by default on client versions of Windows
#

---------------  T H R E A D  ---------------

Current thread (0x00000000195fb800):  JavaThread "C2 CompilerThread1" daemon [_thread_in_native, id=15932, stack(0x0000000019f20000,0x000000001a020000)]

Stack: [0x0000000019f20000,0x000000001a020000]
[error occurred during error reporting (printing stack bounds), id 0xc0000005]

Native frames: (J=compiled Java code, j=interpreted, Vv=VM code, C=native code)


Current CompileTask:
C2:   4021 3924       4       org.gradle.internal.reflect.MethodSet::add (50 bytes)


---------------  P R O C E S S  ---------------

Java Threads: ( => current thread )
  0x000000001ee6f800 JavaThread "pool-1-thread-1" [_thread_blocked, id=1828, stack(0x000000002a6c0000,0x000000002a7c0000)]
  0x000000001ee6e800 JavaThread "Cache worker for Build Output Cleanup Cache (D:\Projects\AS\WanAndroidApp\.gradle\buildOutputCleanup)" [_thread_blocked, id=12060, stack(0x0000000029e00000,0x0000000029f00000)]
  0x000000001ee67000 JavaThread "jar transforms Thread 92" [_thread_blocked, id=7148, stack(0x0000000029d00000,0x0000000029e00000)]
  0x000000001ee6e000 JavaThread "jar transforms Thread 91" [_thread_blocked, id=11708, stack(0x0000000029c00000,0x0000000029d00000)]
  0x000000001ee66800 JavaThread "jar transforms Thread 90" [_thread_blocked, id=9028, stack(0x0000000029b00000,0x0000000029c00000)]
  0x000000001ee6c800 JavaThread "jar transforms Thread 89" [_thread_blocked, id=9632, stack(0x0000000029a00000,0x0000000029b00000)]
  0x000000001ee68000 JavaThread "jar transforms Thread 88" [_thread_blocked, id=9336, stack(0x0000000029900000,0x0000000029a00000)]
  0x000000001ee6d000 JavaThread "jar transforms Thread 87" [_thread_blocked, id=14388, stack(0x0000000029800000,0x0000000029900000)]
  0x000000001ee6b000 JavaThread "jar transforms Thread 86" [_thread_blocked, id=16568, stack(0x0000000029700000,0x0000000029800000)]
  0x000000001ee6a000 JavaThread "jar transforms Thread 85" [_thread_blocked, id=14740, stack(0x0000000029600000,0x0000000029700000)]
  0x000000001ee6b800 JavaThread "jar transforms Thread 84" [_thread_blocked, id=17660, stack(0x0000000029500000,0x0000000029600000)]
  0x00000000213a6000 JavaThread "jar transforms Thread 83" [_thread_blocked, id=8752, stack(0x0000000029400000,0x0000000029500000)]
  0x00000000213a1800 JavaThread "jar transforms Thread 82" [_thread_blocked, id=9392, stack(0x0000000029300000,0x0000000029400000)]
  0x00000000213a1000 JavaThread "jar transforms Thread 81" [_thread_blocked, id=14228, stack(0x0000000029200000,0x0000000029300000)]
  0x000000002139e800 JavaThread "jar transforms Thread 80" [_thread_blocked, id=3836, stack(0x0000000029100000,0x0000000029200000)]
  0x00000000213a5800 JavaThread "jar transforms Thread 79" [_thread_blocked, id=17312, stack(0x0000000029000000,0x0000000029100000)]
  0x00000000213a3000 JavaThread "jar transforms Thread 78" [_thread_blocked, id=7076, stack(0x0000000028f00000,0x0000000029000000)]
  0x00000000213a2800 JavaThread "jar transforms Thread 77" [_thread_blocked, id=8636, stack(0x0000000028e00000,0x0000000028f00000)]
  0x00000000213a4800 JavaThread "jar transforms Thread 76" [_thread_blocked, id=9468, stack(0x0000000028d00000,0x0000000028e00000)]
  0x00000000213a4000 JavaThread "jar transforms Thread 75" [_thread_blocked, id=14752, stack(0x0000000028c00000,0x0000000028d00000)]
  0x0000000021399800 JavaThread "jar transforms Thread 74" [_thread_blocked, id=16128, stack(0x0000000028b00000,0x0000000028c00000)]
  0x000000002139f800 JavaThread "jar transforms Thread 73" [_thread_blocked, id=1056, stack(0x0000000028a00000,0x0000000028b00000)]
  0x00000000213a0000 JavaThread "jar transforms Thread 72" [_thread_blocked, id=9160, stack(0x0000000028900000,0x0000000028a00000)]
  0x000000002139a000 JavaThread "jar transforms Thread 71" [_thread_blocked, id=15464, stack(0x0000000028800000,0x0000000028900000)]
  0x000000002139b800 JavaThread "jar transforms Thread 70" [_thread_blocked, id=17784, stack(0x0000000028700000,0x0000000028800000)]
  0x0000000021398800 JavaThread "jar transforms Thread 69" [_thread_blocked, id=11616, stack(0x0000000028600000,0x0000000028700000)]
  0x000000002139e000 JavaThread "jar transforms Thread 68" [_thread_blocked, id=3648, stack(0x0000000028500000,0x0000000028600000)]
  0x0000000021397000 JavaThread "jar transforms Thread 67" [_thread_blocked, id=4292, stack(0x0000000028400000,0x0000000028500000)]
  0x000000002139b000 JavaThread "jar transforms Thread 66" [_thread_blocked, id=11256, stack(0x0000000028300000,0x0000000028400000)]
  0x0000000021397800 JavaThread "jar transforms Thread 65" [_thread_blocked, id=816, stack(0x0000000028200000,0x0000000028300000)]
  0x000000002139d000 JavaThread "jar transforms Thread 64" [_thread_blocked, id=16704, stack(0x0000000028100000,0x0000000028200000)]
  0x000000002139c800 JavaThread "jar transforms Thread 63" [_thread_blocked, id=5848, stack(0x0000000028000000,0x0000000028100000)]
  0x000000001ed5c800 JavaThread "jar transforms Thread 62" [_thread_blocked, id=7944, stack(0x0000000027f00000,0x0000000028000000)]
  0x000000001ed5d800 JavaThread "jar transforms Thread 61" [_thread_blocked, id=9304, stack(0x0000000027e00000,0x0000000027f00000)]
  0x000000001ed60800 JavaThread "jar transforms Thread 60" [_thread_blocked, id=4200, stack(0x0000000027d00000,0x0000000027e00000)]
  0x000000001ed5f000 JavaThread "jar transforms Thread 59" [_thread_blocked, id=13688, stack(0x0000000027c00000,0x0000000027d00000)]
  0x000000001ed5e000 JavaThread "jar transforms Thread 58" [_thread_blocked, id=16524, stack(0x0000000027b00000,0x0000000027c00000)]
  0x000000001ed5f800 JavaThread "jar transforms Thread 57" [_thread_blocked, id=15424, stack(0x0000000027a00000,0x0000000027b00000)]
  0x000000001ed55000 JavaThread "jar transforms Thread 56" [_thread_blocked, id=16168, stack(0x0000000027900000,0x0000000027a00000)]
  0x000000001ed5c000 JavaThread "jar transforms Thread 55" [_thread_blocked, id=14444, stack(0x0000000027800000,0x0000000027900000)]
  0x000000001ed54000 JavaThread "jar transforms Thread 54" [_thread_blocked, id=12004, stack(0x0000000027700000,0x0000000027800000)]
  0x000000001ed55800 JavaThread "jar transforms Thread 53" [_thread_blocked, id=12284, stack(0x0000000027600000,0x0000000027700000)]
  0x000000001ed5a800 JavaThread "jar transforms Thread 52" [_thread_blocked, id=1160, stack(0x0000000027500000,0x0000000027600000)]
  0x000000001ed59800 JavaThread "jar transforms Thread 51" [_thread_blocked, id=13308, stack(0x0000000027400000,0x0000000027500000)]
  0x000000001ed5b000 JavaThread "jar transforms Thread 50" [_thread_blocked, id=2708, stack(0x0000000027300000,0x0000000027400000)]
  0x000000001ed52000 JavaThread "jar transforms Thread 49" [_thread_blocked, id=9888, stack(0x0000000027200000,0x0000000027300000)]
  0x000000001ed58800 JavaThread "jar transforms Thread 48" [_thread_blocked, id=16180, stack(0x0000000027100000,0x0000000027200000)]
  0x000000001ed58000 JavaThread "jar transforms Thread 47" [_thread_blocked, id=9848, stack(0x0000000027000000,0x0000000027100000)]
  0x000000001ed51000 JavaThread "jar transforms Thread 46" [_thread_blocked, id=15068, stack(0x0000000026f00000,0x0000000027000000)]
  0x000000001ed57000 JavaThread "jar transforms Thread 45" [_thread_blocked, id=10160, stack(0x0000000026e00000,0x0000000026f00000)]
  0x000000001ed53800 JavaThread "jar transforms Thread 44" [_thread_blocked, id=12596, stack(0x0000000026d00000,0x0000000026e00000)]
  0x000000001ed52800 JavaThread "jar transforms Thread 43" [_thread_blocked, id=1532, stack(0x0000000026c00000,0x0000000026d00000)]
  0x000000001ed56800 JavaThread "jar transforms Thread 42" [_thread_blocked, id=3712, stack(0x0000000026b00000,0x0000000026c00000)]
  0x000000001eccc800 JavaThread "jar transforms Thread 41" [_thread_blocked, id=15632, stack(0x0000000026a00000,0x0000000026b00000)]
  0x000000001ecc4800 JavaThread "jar transforms Thread 40" [_thread_blocked, id=11384, stack(0x0000000026900000,0x0000000026a00000)]
  0x000000001eccb800 JavaThread "jar transforms Thread 39" [_thread_blocked, id=13764, stack(0x0000000026800000,0x0000000026900000)]
  0x000000001ecc4000 JavaThread "jar transforms Thread 38" [_thread_blocked, id=9576, stack(0x0000000026700000,0x0000000026800000)]
  0x000000001ecca800 JavaThread "jar transforms Thread 37" [_thread_blocked, id=7304, stack(0x0000000026600000,0x0000000026700000)]
  0x000000001ecc5800 JavaThread "jar transforms Thread 36" [_thread_blocked, id=2348, stack(0x0000000026500000,0x0000000026600000)]
  0x000000001ecc9000 JavaThread "jar transforms Thread 35" [_thread_blocked, id=9968, stack(0x0000000026400000,0x0000000026500000)]
  0x000000001ecca000 JavaThread "jar transforms Thread 34" [_thread_blocked, id=17612, stack(0x0000000026300000,0x0000000026400000)]
  0x000000001ecc1800 JavaThread "jar transforms Thread 33" [_thread_blocked, id=8292, stack(0x0000000026200000,0x0000000026300000)]
  0x000000001ecc8800 JavaThread "jar transforms Thread 32" [_thread_blocked, id=2264, stack(0x0000000026100000,0x0000000026200000)]
  0x000000001ecc7800 JavaThread "jar transforms Thread 31" [_thread_blocked, id=15384, stack(0x0000000026000000,0x0000000026100000)]
  0x000000001ecc7000 JavaThread "jar transforms Thread 30" [_thread_blocked, id=3128, stack(0x0000000025f00000,0x0000000026000000)]
  0x000000001ecc3000 JavaThread "jar transforms Thread 29" [_thread_blocked, id=16216, stack(0x0000000025e00000,0x0000000025f00000)]
  0x000000001ecc1000 JavaThread "jar transforms Thread 28" [_thread_blocked, id=9788, stack(0x0000000025d00000,0x0000000025e00000)]
  0x000000001ecc6000 JavaThread "jar transforms Thread 27" [_thread_blocked, id=6336, stack(0x0000000025c00000,0x0000000025d00000)]
  0x000000001ecc0000 JavaThread "jar transforms Thread 26" [_thread_blocked, id=11528, stack(0x0000000025b00000,0x0000000025c00000)]
  0x000000001ecbe000 JavaThread "jar transforms Thread 25" [_thread_blocked, id=14984, stack(0x0000000025a00000,0x0000000025b00000)]
  0x000000001ecbe800 JavaThread "jar transforms Thread 24" [_thread_blocked, id=13676, stack(0x0000000025900000,0x0000000025a00000)]
  0x000000001ecbf800 JavaThread "jar transforms Thread 23" [_thread_blocked, id=10408, stack(0x0000000025800000,0x0000000025900000)]
  0x000000001ecbd000 JavaThread "jar transforms Thread 22" [_thread_blocked, id=12480, stack(0x0000000025700000,0x0000000025800000)]
  0x000000001ecc2800 JavaThread "jar transforms Thread 21" [_thread_blocked, id=1912, stack(0x0000000025600000,0x0000000025700000)]
  0x000000001b22f800 JavaThread "jar transforms Thread 20" [_thread_blocked, id=7240, stack(0x0000000025500000,0x0000000025600000)]
  0x000000001b229000 JavaThread "jar transforms Thread 19" [_thread_blocked, id=2680, stack(0x0000000025400000,0x0000000025500000)]
  0x000000001b22f000 JavaThread "jar transforms Thread 18" [_thread_blocked, id=11636, stack(0x0000000025300000,0x0000000025400000)]
  0x000000001b22d800 JavaThread "jar transforms Thread 17" [_thread_blocked, id=6436, stack(0x0000000025200000,0x0000000025300000)]
  0x000000001b22c800 JavaThread "jar transforms Thread 16" [_thread_blocked, id=12348, stack(0x0000000025100000,0x0000000025200000)]
  0x000000001b22b000 JavaThread "jar transforms Thread 15" [_thread_blocked, id=5276, stack(0x0000000025000000,0x0000000025100000)]
  0x000000001b22a800 JavaThread "jar transforms Thread 14" [_thread_blocked, id=2588, stack(0x0000000024f00000,0x0000000025000000)]
  0x000000001b229800 JavaThread "jar transforms Thread 13" [_thread_blocked, id=16236, stack(0x0000000024e00000,0x0000000024f00000)]
  0x000000001b22e000 JavaThread "jar transforms Thread 12" [_thread_blocked, id=10652, stack(0x0000000024d00000,0x0000000024e00000)]
  0x000000001b22c000 JavaThread "jar transforms Thread 11" [_thread_blocked, id=7292, stack(0x0000000024c00000,0x0000000024d00000)]
  0x000000001c933000 JavaThread "jar transforms Thread 10" [_thread_blocked, id=8500, stack(0x0000000024b00000,0x0000000024c00000)]
  0x000000001c932800 JavaThread "jar transforms Thread 9" [_thread_blocked, id=2376, stack(0x0000000024a00000,0x0000000024b00000)]
  0x000000001c931000 JavaThread "jar transforms Thread 8" [_thread_blocked, id=17148, stack(0x0000000024900000,0x0000000024a00000)]
  0x000000001c931800 JavaThread "jar transforms Thread 7" [_thread_blocked, id=4600, stack(0x0000000024800000,0x0000000024900000)]
  0x000000001c929800 JavaThread "jar transforms Thread 6" [_thread_blocked, id=13920, stack(0x0000000024700000,0x0000000024800000)]
  0x000000001c930000 JavaThread "jar transforms Thread 5" [_thread_blocked, id=8656, stack(0x0000000024600000,0x0000000024700000)]
  0x000000001c928800 JavaThread "jar transforms Thread 4" [_thread_blocked, id=6668, stack(0x0000000024500000,0x0000000024600000)]
  0x000000001c92f800 JavaThread "jar transforms Thread 3" [_thread_blocked, id=7612, stack(0x0000000024400000,0x0000000024500000)]
  0x000000001c927800 JavaThread "jar transforms Thread 2" [_thread_blocked, id=8524, stack(0x0000000024300000,0x0000000024400000)]
  0x000000001c92e800 JavaThread "Build operations Thread 8" [_thread_blocked, id=3212, stack(0x0000000024100000,0x0000000024200000)]
  0x000000001c927000 JavaThread "Build operations Thread 7" [_thread_blocked, id=11836, stack(0x0000000024000000,0x0000000024100000)]
  0x000000001c92e000 JavaThread "Build operations Thread 6" [_thread_blocked, id=6692, stack(0x0000000023f00000,0x0000000024000000)]
  0x000000001c92d000 JavaThread "Build operations Thread 5" [_thread_blocked, id=13872, stack(0x0000000023e00000,0x0000000023f00000)]
  0x000000001c925800 JavaThread "Build operations Thread 4" [_thread_blocked, id=6524, stack(0x0000000023d00000,0x0000000023e00000)]
  0x000000001c92c800 JavaThread "Build operations Thread 3" [_thread_blocked, id=1012, stack(0x0000000023c00000,0x0000000023d00000)]
  0x000000001c92b800 JavaThread "Build operations Thread 2" [_thread_blocked, id=6428, stack(0x0000000023b00000,0x0000000023c00000)]
  0x000000001c92a000 JavaThread "Build operations" [_thread_blocked, id=11332, stack(0x0000000023a00000,0x0000000023b00000)]
  0x000000001c2a8800 JavaThread "Cache worker for file content cache (C:\Users\shuhu\.gradle\caches\6.5\fileContent)" [_thread_blocked, id=15820, stack(0x0000000022330000,0x0000000022430000)]
  0x000000001c2a4000 JavaThread "jar transforms" [_thread_blocked, id=6904, stack(0x0000000021ae0000,0x0000000021be0000)]
  0x000000001c2aa000 JavaThread "Cache worker for execution history cache (C:\Users\shuhu\.gradle\caches\6.5\executionHistory)" [_thread_blocked, id=16500, stack(0x00000000219e0000,0x0000000021ae0000)]
  0x000000001c2a7800 JavaThread "Cache worker for cache directory md-rule (C:\Users\shuhu\.gradle\caches\6.5\md-rule)" [_thread_blocked, id=3520, stack(0x00000000218e0000,0x00000000219e0000)]
  0x000000001c2a4800 JavaThread "Cache worker for cache directory md-supplier (C:\Users\shuhu\.gradle\caches\6.5\md-supplier)" [_thread_blocked, id=7824, stack(0x00000000217e0000,0x00000000218e0000)]
  0x000000001c2a5800 JavaThread "Cache worker for checksums cache (D:\Projects\AS\WanAndroidApp\.gradle\checksums)" [_thread_blocked, id=10612, stack(0x00000000216e0000,0x00000000217e0000)]
  0x000000001c2aa800 JavaThread "Cache worker for file hash cache (D:\Projects\AS\WanAndroidApp\.gradle\6.5\fileHashes)" [_thread_blocked, id=17860, stack(0x0000000021c30000,0x0000000021d30000)]
  0x000000001c2a9000 JavaThread "Cache worker for file hash cache (C:\Users\shuhu\.gradle\caches\6.5\fileHashes)" [_thread_blocked, id=5576, stack(0x000000001e070000,0x000000001e170000)]
  0x000000001c2a6000 JavaThread "File lock request listener" [_thread_in_native, id=3048, stack(0x000000001df70000,0x000000001e070000)]
  0x000000001979f800 JavaThread "Cache worker for journal cache (C:\Users\shuhu\.gradle\caches\journal-1)" [_thread_blocked, id=16888, stack(0x000000001de70000,0x000000001df70000)]
  0x000000001bfad000 JavaThread "Thread-9" [_thread_blocked, id=5200, stack(0x000000001db70000,0x000000001dc70000)]
  0x000000001bf82000 JavaThread "Stdin handler" [_thread_blocked, id=11812, stack(0x000000001da70000,0x000000001db70000)]
  0x000000001bf7f800 JavaThread "Asynchronous log dispatcher for DefaultDaemonConnection: socket connection from /127.0.0.1:64733 to /127.0.0.1:64735" [_thread_blocked, id=14340, stack(0x000000001d970000,0x000000001da70000)]
  0x000000001bfa8000 JavaThread "Daemon worker" [_thread_in_vm, id=18044, stack(0x000000001d870000,0x000000001d970000)]
  0x000000001bfa7800 JavaThread "Cancel handler" [_thread_blocked, id=17816, stack(0x000000001d770000,0x000000001d870000)]
  0x000000001be96000 JavaThread "Handler for socket connection from /127.0.0.1:64733 to /127.0.0.1:64735" [_thread_in_native, id=15524, stack(0x000000001d670000,0x000000001d770000)]
  0x000000001be92000 JavaThread "Daemon" [_thread_blocked, id=11740, stack(0x000000001d570000,0x000000001d670000)]
  0x000000001be5b800 JavaThread "Daemon periodic checks" [_thread_blocked, id=11312, stack(0x000000001d270000,0x000000001d370000)]
  0x000000001be98000 JavaThread "Incoming local TCP Connector on port 64733" [_thread_in_native, id=8780, stack(0x000000001d0c0000,0x000000001d1c0000)]
  0x000000001be10000 JavaThread "Daemon health stats" [_thread_blocked, id=17260, stack(0x000000001cdc0000,0x000000001cec0000)]
  0x00000000196df800 JavaThread "Service Thread" daemon [_thread_blocked, id=10736, stack(0x000000001a220000,0x000000001a320000)]
  0x000000001965e800 JavaThread "C1 CompilerThread3" daemon [_thread_blocked, id=5056, stack(0x000000001a120000,0x000000001a220000)]
  0x000000001780c000 JavaThread "C2 CompilerThread2" daemon [_thread_in_native, id=2268, stack(0x000000001a020000,0x000000001a120000)]
=>0x00000000195fb800 JavaThread "C2 CompilerThread1" daemon [_thread_in_native, id=15932, stack(0x0000000019f20000,0x000000001a020000)]
  0x00000000195f6000 JavaThread "C2 CompilerThread0" daemon [_thread_in_native, id=11416, stack(0x0000000019e20000,0x0000000019f20000)]
  0x0000000019658800 JavaThread "Attach Listener" daemon [_thread_blocked, id=9720, stack(0x0000000019d20000,0x0000000019e20000)]
  0x0000000019657000 JavaThread "Signal Dispatcher" daemon [_thread_blocked, id=18028, stack(0x0000000019c20000,0x0000000019d20000)]
  0x00000000195e1800 JavaThread "Finalizer" daemon [_thread_blocked, id=8520, stack(0x0000000019ac0000,0x0000000019bc0000)]
  0x00000000195e0800 JavaThread "Reference Handler" daemon [_thread_blocked, id=18280, stack(0x00000000199c0000,0x0000000019ac0000)]
  0x000000000268d800 JavaThread "main" [_thread_blocked, id=17676, stack(0x0000000002500000,0x0000000002600000)]

Other Threads:
  0x00000000177f8000 VMThread [stack: 0x00000000194c0000,0x00000000195c0000] [id=17944]
  0x00000000196e0000 WatcherThread [stack: 0x000000001a320000,0x000000001a420000] [id=3328]

VM state:not at safepoint (normal execution)

VM Mutex/Monitor currently owned by a thread: None

heap address: 0x0000000080000000, size: 2048 MB, Compressed Oops mode: 32-bit
Narrow klass base: 0x0000000000000000, Narrow klass shift: 3
Compressed class space size: 1073741824 Address: 0x0000000100000000

Heap:
 PSYoungGen      total 167936K, used 64893K [0x00000000d5580000, 0x00000000e1b80000, 0x0000000100000000)
  eden space 160768K, 35% used [0x00000000d5580000,0x00000000d8dfbff8,0x00000000df280000)
  from space 7168K, 98% used [0x00000000e1480000,0x00000000e1b63688,0x00000000e1b80000)
  to   space 11776K, 0% used [0x00000000e0480000,0x00000000e0480000,0x00000000e1000000)
 ParOldGen       total 138752K, used 14747K [0x0000000080000000, 0x0000000088780000, 0x00000000d5580000)
  object space 138752K, 10% used [0x0000000080000000,0x0000000080e66c50,0x0000000088780000)
 Metaspace       used 44323K, capacity 46216K, committed 46296K, reserved 1089536K
  class space    used 6023K, capacity 6396K, committed 6400K, reserved 1048576K

Card table byte_map: [0x0000000011b50000,0x0000000011f60000] byte_map_base: 0x0000000011750000

Marking Bits: (ParMarkBitMap*) 0x0000000068dbf030
 Begin Bits: [0x0000000012a10000, 0x0000000014a10000)
 End Bits:   [0x0000000014a10000, 0x0000000016a10000)

Polling page: 0x0000000000400000

CodeCache: size=245760Kb used=13632Kb max_used=13643Kb free=232127Kb
 bounds [0x0000000002790000, 0x00000000034f0000, 0x0000000011790000]
 total_blobs=4678 nmethods=3944 adapters=647
 compilation: enabled

Compilation events (10 events):
Event: 4.011 Thread 0x000000001965e800 nmethod 3938 0x00000000034dbb90 code [0x00000000034dbd20, 0x00000000034dc128]
Event: 4.011 Thread 0x000000001965e800 3939       3       sun.reflect.generics.visitor.Reifier::visitTypeVariableSignature (18 bytes)
Event: 4.011 Thread 0x000000001965e800 nmethod 3939 0x00000000034dc390 code [0x00000000034dc520, 0x00000000034dc868]
Event: 4.011 Thread 0x000000001965e800 3940       3       java.util.HashMap$EntrySet::iterator (12 bytes)
Event: 4.011 Thread 0x000000001965e800 nmethod 3940 0x00000000034dca50 code [0x00000000034dcbc0, 0x00000000034dce28]
Event: 4.019 Thread 0x000000001965e800 3941   !   3       org.gradle.cache.internal.DefaultCrossBuildInMemoryCacheFactory$AbstractCrossBuildInMemoryCache::get (20 bytes)
Event: 4.019 Thread 0x000000001965e800 nmethod 3941 0x00000000034dcf10 code [0x00000000034dd080, 0x00000000034dd3a8]
Event: 4.019 Thread 0x000000001965e800 3942   !   3       org.gradle.internal.instantiation.generator.DependencyInjectingInstantiator::doCreate (64 bytes)
Event: 4.019 Thread 0x000000001965e800 nmethod 3942 0x00000000034dd4d0 code [0x00000000034dd6a0, 0x00000000034ddca8]
Event: 4.019 Thread 0x000000001965e800 3943       3       org.gradle.internal.instantiation.generator.DependencyInjectingInstantiator::convertParameters (126 bytes)

GC Heap History (10 events):
Event: 2.516 GC heap before
{Heap before GC invocations=6 (full 1):
 PSYoungGen      total 75776K, used 65024K [0x00000000d5580000, 0x00000000de980000, 0x0000000100000000)
  eden space 65024K, 100% used [0x00000000d5580000,0x00000000d9500000,0x00000000d9500000)
  from space 10752K, 0% used [0x00000000d9f80000,0x00000000d9f80000,0x00000000daa00000)
  to   space 10752K, 0% used [0x00000000d9500000,0x00000000d9500000,0x00000000d9f80000)
 ParOldGen       total 92160K, used 7286K [0x0000000080000000, 0x0000000085a00000, 0x00000000d5580000)
  object space 92160K, 7% used [0x0000000080000000,0x000000008071dbb0,0x0000000085a00000)
 Metaspace       used 28253K, capacity 29130K, committed 29568K, reserved 1075200K
  class space    used 3885K, capacity 4133K, committed 4224K, reserved 1048576K
Event: 2.519 GC heap after
Heap after GC invocations=6 (full 1):
 PSYoungGen      total 75776K, used 8170K [0x00000000d5580000, 0x00000000dd800000, 0x0000000100000000)
  eden space 65024K, 0% used [0x00000000d5580000,0x00000000d5580000,0x00000000d9500000)
  from space 10752K, 75% used [0x00000000d9500000,0x00000000d9cfa8c0,0x00000000d9f80000)
  to   space 12288K, 0% used [0x00000000dcc00000,0x00000000dcc00000,0x00000000dd800000)
 ParOldGen       total 92160K, used 7294K [0x0000000080000000, 0x0000000085a00000, 0x00000000d5580000)
  object space 92160K, 7% used [0x0000000080000000,0x000000008071fbb0,0x0000000085a00000)
 Metaspace       used 28253K, capacity 29130K, committed 29568K, reserved 1075200K
  class space    used 3885K, capacity 4133K, committed 4224K, reserved 1048576K
}
Event: 2.878 GC heap before
{Heap before GC invocations=7 (full 1):
 PSYoungGen      total 75776K, used 73194K [0x00000000d5580000, 0x00000000dd800000, 0x0000000100000000)
  eden space 65024K, 100% used [0x00000000d5580000,0x00000000d9500000,0x00000000d9500000)
  from space 10752K, 75% used [0x00000000d9500000,0x00000000d9cfa8c0,0x00000000d9f80000)
  to   space 12288K, 0% used [0x00000000dcc00000,0x00000000dcc00000,0x00000000dd800000)
 ParOldGen       total 92160K, used 7294K [0x0000000080000000, 0x0000000085a00000, 0x00000000d5580000)
  object space 92160K, 7% used [0x0000000080000000,0x000000008071fbb0,0x0000000085a00000)
 Metaspace       used 32705K, capacity 33782K, committed 33920K, reserved 1079296K
  class space    used 4452K, capacity 4723K, committed 4736K, reserved 1048576K
Event: 2.884 GC heap after
Heap after GC invocations=7 (full 1):
 PSYoungGen      total 119296K, used 9261K [0x00000000d5580000, 0x00000000dd700000, 0x0000000100000000)
  eden space 108032K, 0% used [0x00000000d5580000,0x00000000d5580000,0x00000000dbf00000)
  from space 11264K, 82% used [0x00000000dcc00000,0x00000000dd50b5b8,0x00000000dd700000)
  to   space 12288K, 0% used [0x00000000dbf00000,0x00000000dbf00000,0x00000000dcb00000)
 ParOldGen       total 92160K, used 7302K [0x0000000080000000, 0x0000000085a00000, 0x00000000d5580000)
  object space 92160K, 7% used [0x0000000080000000,0x0000000080721bb0,0x0000000085a00000)
 Metaspace       used 32705K, capacity 33782K, committed 33920K, reserved 1079296K
  class space    used 4452K, capacity 4723K, committed 4736K, reserved 1048576K
}
Event: 3.024 GC heap before
{Heap before GC invocations=8 (full 1):
 PSYoungGen      total 119296K, used 40113K [0x00000000d5580000, 0x00000000dd700000, 0x0000000100000000)
  eden space 108032K, 28% used [0x00000000d5580000,0x00000000d73a1100,0x00000000dbf00000)
  from space 11264K, 82% used [0x00000000dcc00000,0x00000000dd50b5b8,0x00000000dd700000)
  to   space 12288K, 0% used [0x00000000dbf00000,0x00000000dbf00000,0x00000000dcb00000)
 ParOldGen       total 92160K, used 7302K [0x0000000080000000, 0x0000000085a00000, 0x00000000d5580000)
  object space 92160K, 7% used [0x0000000080000000,0x0000000080721bb0,0x0000000085a00000)
 Metaspace       used 34248K, capacity 35392K, committed 35416K, reserved 1079296K
  class space    used 4709K, capacity 4973K, committed 4992K, reserved 1048576K
Event: 3.030 GC heap after
Heap after GC invocations=8 (full 1):
 PSYoungGen      total 120320K, used 8123K [0x00000000d5580000, 0x00000000e2000000, 0x0000000100000000)
  eden space 108032K, 0% used [0x00000000d5580000,0x00000000d5580000,0x00000000dbf00000)
  from space 12288K, 66% used [0x00000000dbf00000,0x00000000dc6eec58,0x00000000dcb00000)
  to   space 11776K, 0% used [0x00000000e1480000,0x00000000e1480000,0x00000000e2000000)
 ParOldGen       total 92160K, used 7310K [0x0000000080000000, 0x0000000085a00000, 0x00000000d5580000)
  object space 92160K, 7% used [0x0000000080000000,0x0000000080723bb0,0x0000000085a00000)
 Metaspace       used 34248K, capacity 35392K, committed 35416K, reserved 1079296K
  class space    used 4709K, capacity 4973K, committed 4992K, reserved 1048576K
}
Event: 3.030 GC heap before
{Heap before GC invocations=9 (full 2):
 PSYoungGen      total 120320K, used 8123K [0x00000000d5580000, 0x00000000e2000000, 0x0000000100000000)
  eden space 108032K, 0% used [0x00000000d5580000,0x00000000d5580000,0x00000000dbf00000)
  from space 12288K, 66% used [0x00000000dbf00000,0x00000000dc6eec58,0x00000000dcb00000)
  to   space 11776K, 0% used [0x00000000e1480000,0x00000000e1480000,0x00000000e2000000)
 ParOldGen       total 92160K, used 7310K [0x0000000080000000, 0x0000000085a00000, 0x00000000d5580000)
  object space 92160K, 7% used [0x0000000080000000,0x0000000080723bb0,0x0000000085a00000)
 Metaspace       used 34248K, capacity 35392K, committed 35416K, reserved 1079296K
  class space    used 4709K, capacity 4973K, committed 4992K, reserved 1048576K
Event: 3.064 GC heap after
Heap after GC invocations=9 (full 2):
 PSYoungGen      total 120320K, used 0K [0x00000000d5580000, 0x00000000e2000000, 0x0000000100000000)
  eden space 108032K, 0% used [0x00000000d5580000,0x00000000d5580000,0x00000000dbf00000)
  from space 12288K, 0% used [0x00000000dbf00000,0x00000000dbf00000,0x00000000dcb00000)
  to   space 11776K, 0% used [0x00000000e1480000,0x00000000e1480000,0x00000000e2000000)
 ParOldGen       total 138752K, used 14739K [0x0000000080000000, 0x0000000088780000, 0x00000000d5580000)
  object space 138752K, 10% used [0x0000000080000000,0x0000000080e64c50,0x0000000088780000)
 Metaspace       used 34248K, capacity 35392K, committed 35416K, reserved 1079296K
  class space    used 4709K, capacity 4973K, committed 4992K, reserved 1048576K
}
Event: 3.540 GC heap before
{Heap before GC invocations=10 (full 2):
 PSYoungGen      total 120320K, used 108032K [0x00000000d5580000, 0x00000000e2000000, 0x0000000100000000)
  eden space 108032K, 100% used [0x00000000d5580000,0x00000000dbf00000,0x00000000dbf00000)
  from space 12288K, 0% used [0x00000000dbf00000,0x00000000dbf00000,0x00000000dcb00000)
  to   space 11776K, 0% used [0x00000000e1480000,0x00000000e1480000,0x00000000e2000000)
 ParOldGen       total 138752K, used 14739K [0x0000000080000000, 0x0000000088780000, 0x00000000d5580000)
  object space 138752K, 10% used [0x0000000080000000,0x0000000080e64c50,0x0000000088780000)
 Metaspace       used 37315K, capacity 39008K, committed 39256K, reserved 1083392K
  class space    used 5151K, capacity 5490K, committed 5504K, reserved 1048576K
Event: 3.544 GC heap after
Heap after GC invocations=10 (full 2):
 PSYoungGen      total 167936K, used 7053K [0x00000000d5580000, 0x00000000e1b80000, 0x0000000100000000)
  eden space 160768K, 0% used [0x00000000d5580000,0x00000000d5580000,0x00000000df280000)
  from space 7168K, 98% used [0x00000000e1480000,0x00000000e1b63688,0x00000000e1b80000)
  to   space 11776K, 0% used [0x00000000e0480000,0x00000000e0480000,0x00000000e1000000)
 ParOldGen       total 138752K, used 14747K [0x0000000080000000, 0x0000000088780000, 0x00000000d5580000)
  object space 138752K, 10% used [0x0000000080000000,0x0000000080e66c50,0x0000000088780000)
 Metaspace       used 37315K, capacity 39008K, committed 39256K, reserved 1083392K
  class space    used 5151K, capacity 5490K, committed 5504K, reserved 1048576K
}

Deoptimization events (10 events):
Event: 3.513 Thread 0x000000001bfa8000 Uncommon trap: reason=bimorphic action=maybe_recompile pc=0x00000000031866c8 method=java.lang.ClassLoader.getPackage(Ljava/lang/String;)Ljava/lang/Package; @ 47
Event: 3.513 Thread 0x000000001bfa8000 Uncommon trap: reason=bimorphic action=maybe_recompile pc=0x00000000031866c8 method=java.lang.ClassLoader.getPackage(Ljava/lang/String;)Ljava/lang/Package; @ 47
Event: 3.514 Thread 0x000000001bfa8000 Uncommon trap: reason=bimorphic action=maybe_recompile pc=0x00000000031866c8 method=java.lang.ClassLoader.getPackage(Ljava/lang/String;)Ljava/lang/Package; @ 47
Event: 3.514 Thread 0x000000001bfa8000 Uncommon trap: reason=bimorphic action=maybe_recompile pc=0x00000000031866c8 method=java.lang.ClassLoader.getPackage(Ljava/lang/String;)Ljava/lang/Package; @ 47
Event: 3.610 Thread 0x000000001bfa8000 Uncommon trap: reason=unstable_if action=reinterpret pc=0x0000000003121bfc method=java.io.BufferedInputStream.read([BII)I @ 56
Event: 3.648 Thread 0x000000001bfa8000 Uncommon trap: reason=bimorphic action=maybe_recompile pc=0x000000000309727c method=java.util.AbstractCollection.addAll(Ljava/util/Collection;)Z @ 29
Event: 3.654 Thread 0x000000001bfa8000 Uncommon trap: reason=bimorphic action=maybe_recompile pc=0x000000000309727c method=java.util.AbstractCollection.addAll(Ljava/util/Collection;)Z @ 29
Event: 3.851 Thread 0x000000001bfa8000 Uncommon trap: reason=unstable_if action=reinterpret pc=0x00000000030faadc method=org.objectweb.asm.ByteVector.putUTF8(Ljava/lang/String;)Lorg/objectweb/asm/ByteVector; @ 93
Event: 3.857 Thread 0x000000001bfa8000 Uncommon trap: reason=unstable_if action=reinterpret pc=0x0000000002e56e28 method=org.objectweb.asm.ByteVector.putUTF8(Ljava/lang/String;)Lorg/objectweb/asm/ByteVector; @ 93
Event: 3.874 Thread 0x000000001bfa8000 Uncommon trap: reason=predicate action=maybe_recompile pc=0x00000000033b7b50 method=java.util.Arrays.binarySearch0([Ljava/lang/Object;IILjava/lang/Object;Ljava/util/Comparator;)I @ 28

Classes redefined (0 events):
No events

Internal exceptions (10 events):
Event: 3.493 Thread 0x000000001bfad000 Exception <a 'java/lang/NoSuchMethodError': <clinit>> (0x00000000d7f50798) thrown at [C:\src\AOSP-openjdk-git\hotspot\src\share\vm\prims\jni.cpp, line 1615]
Event: 3.493 Thread 0x000000001bfad000 Exception <a 'java/lang/NoSuchMethodError': <clinit>> (0x00000000d7f5b968) thrown at [C:\src\AOSP-openjdk-git\hotspot\src\share\vm\prims\jni.cpp, line 1615]
Event: 3.494 Thread 0x000000001bfad000 Exception <a 'java/lang/NoSuchMethodError': <clinit>> (0x00000000d7f6ed38) thrown at [C:\src\AOSP-openjdk-git\hotspot\src\share\vm\prims\jni.cpp, line 1615]
Event: 3.501 Thread 0x000000001bfa8000 Exception <a 'java/lang/ClassNotFoundException': build_4pskpngmvxsdb8vwib8nei38qBeanInfo> (0x00000000db89e4e8) thrown at [C:\src\AOSP-openjdk-git\hotspot\src\share\vm\classfile\systemDictionary.cpp, line 210]
Event: 3.501 Thread 0x000000001bfa8000 Exception <a 'java/lang/ClassNotFoundException': build_4pskpngmvxsdb8vwib8nei38qCustomizer> (0x00000000db8aa128) thrown at [C:\src\AOSP-openjdk-git\hotspot\src\share\vm\classfile\systemDictionary.cpp, line 210]
Event: 3.505 Thread 0x000000001bfa8000 Exception <a 'java/lang/ClassNotFoundException': org/gradle/plugin/use/internal/PluginRequestCollector$PluginDependenciesSpecImplBeanInfo> (0x00000000db949dd8) thrown at [C:\src\AOSP-openjdk-git\hotspot\src\share\vm\classfile\systemDictionary.cpp, line 21
Event: 3.505 Thread 0x000000001bfa8000 Exception <a 'java/lang/ClassNotFoundException': org/gradle/plugin/use/internal/PluginRequestCollector$PluginDependenciesSpecImplCustomizer> (0x00000000db989d18) thrown at [C:\src\AOSP-openjdk-git\hotspot\src\share\vm\classfile\systemDictionary.cpp, line 
Event: 3.523 Thread 0x000000001bfa8000 Exception <a 'java/lang/ClassNotFoundException': org/gradle/api/internal/plugins/DefaultObjectConfigurationActionBeanInfo> (0x00000000dbc854c0) thrown at [C:\src\AOSP-openjdk-git\hotspot\src\share\vm\classfile\systemDictionary.cpp, line 210]
Event: 3.523 Thread 0x000000001bfa8000 Exception <a 'java/lang/ClassNotFoundException': org/gradle/api/internal/plugins/DefaultObjectConfigurationActionCustomizer> (0x00000000dbcc9820) thrown at [C:\src\AOSP-openjdk-git\hotspot\src\share\vm\classfile\systemDictionary.cpp, line 210]
Event: 3.750 Thread 0x000000001bfa8000 Exception <a 'sun/nio/fs/WindowsException'> (0x00000000d6d17aa8) thrown at [C:\src\AOSP-openjdk-git\hotspot\src\share\vm\prims\jni.cpp, line 710]

Events (10 events):
Event: 4.017 loading class org/gradle/api/plugins/JavaBasePlugin
Event: 4.017 loading class org/gradle/api/plugins/JavaBasePlugin done
Event: 4.017 loading class org/gradle/api/plugins/JavaBasePlugin$9
Event: 4.017 loading class org/gradle/api/plugins/JavaBasePlugin$9 done
Event: 4.018 loading class org/gradle/api/plugins/JavaBasePlugin$10
Event: 4.018 loading class org/gradle/api/plugins/JavaBasePlugin$10 done
Event: 4.019 loading class org/gradle/api/internal/artifacts/type/DefaultArtifactTypeContainer
Event: 4.019 loading class org/gradle/api/internal/artifacts/type/DefaultArtifactTypeContainer done
Event: 4.019 loading class org/gradle/api/artifacts/type/ArtifactTypeDefinition
Event: 4.019 loading class org/gradle/api/artifacts/type/ArtifactTypeDefinition done


Dynamic libraries:
0x00007ff697810000 - 0x00007ff697841000 	D:\Program Files\Android\Android Studio\jre\bin\java.exe
0x00007fffc5ee0000 - 0x00007fffc60d0000 	C:\Windows\SYSTEM32\ntdll.dll
0x00007fffc4c10000 - 0x00007fffc4cc2000 	C:\Windows\System32\KERNEL32.DLL
0x00007fffc2e60000 - 0x00007fffc3105000 	C:\Windows\System32\KERNELBASE.dll
0x00007fffc0b60000 - 0x00007fffc0bef000 	C:\Windows\SYSTEM32\apphelp.dll
0x00007fffc40f0000 - 0x00007fffc4193000 	C:\Windows\System32\ADVAPI32.dll
0x00007fffc5e00000 - 0x00007fffc5e9e000 	C:\Windows\System32\msvcrt.dll
0x00007fffc5c40000 - 0x00007fffc5cd7000 	C:\Windows\System32\sechost.dll
0x00007fffc5ce0000 - 0x00007fffc5dff000 	C:\Windows\System32\RPCRT4.dll
0x00007fffc59c0000 - 0x00007fffc5b54000 	C:\Windows\System32\USER32.dll
0x00007fffc3e60000 - 0x00007fffc3e81000 	C:\Windows\System32\win32u.dll
0x00007fffc4820000 - 0x00007fffc4846000 	C:\Windows\System32\GDI32.dll
0x00007fffc3c10000 - 0x00007fffc3da8000 	C:\Windows\System32\gdi32full.dll
0x00007fffc33a0000 - 0x00007fffc343e000 	C:\Windows\System32\msvcp_win.dll
0x00007fffc3e90000 - 0x00007fffc3f8a000 	C:\Windows\System32\ucrtbase.dll
0x00007fffb0850000 - 0x00007fffb0ad4000 	C:\Windows\WinSxS\amd64_microsoft.windows.common-controls_6595b64144ccf1df_6.0.18362.1379_none_9e7ff3b3e45cc0c4\COMCTL32.dll
0x00007fffc5680000 - 0x00007fffc59b7000 	C:\Windows\System32\combase.dll
0x00007fffc3260000 - 0x00007fffc32e1000 	C:\Windows\System32\bcryptPrimitives.dll
0x00007fffc4b80000 - 0x00007fffc4bae000 	C:\Windows\System32\IMM32.DLL
0x0000000068430000 - 0x0000000068502000 	D:\Program Files\Android\Android Studio\jre\jre\bin\msvcr100.dll
0x00000000685f0000 - 0x0000000068e3b000 	D:\Program Files\Android\Android Studio\jre\jre\bin\server\jvm.dll
0x00007fffc4cd0000 - 0x00007fffc4cd8000 	C:\Windows\System32\PSAPI.DLL
0x00007fffbf420000 - 0x00007fffbf429000 	C:\Windows\SYSTEM32\WSOCK32.dll
0x00007fffbab00000 - 0x00007fffbab24000 	C:\Windows\SYSTEM32\WINMM.dll
0x00007fffbb560000 - 0x00007fffbb56a000 	C:\Windows\SYSTEM32\VERSION.dll
0x00007fffc4e30000 - 0x00007fffc4e9f000 	C:\Windows\System32\WS2_32.dll
0x00007fffb60c0000 - 0x00007fffb60ed000 	C:\Windows\SYSTEM32\WINMMBASE.dll
0x00007fffc3bc0000 - 0x00007fffc3c0a000 	C:\Windows\System32\cfgmgr32.dll
0x00007fffbf370000 - 0x00007fffbf37f000 	D:\Program Files\Android\Android Studio\jre\jre\bin\verify.dll
0x00007fffbe170000 - 0x00007fffbe199000 	D:\Program Files\Android\Android Studio\jre\jre\bin\java.dll
0x00007fffbe2f0000 - 0x00007fffbe306000 	D:\Program Files\Android\Android Studio\jre\jre\bin\zip.dll
0x00007fffc4f90000 - 0x00007fffc5678000 	C:\Windows\System32\SHELL32.dll
0x00007fffc4ad0000 - 0x00007fffc4b77000 	C:\Windows\System32\shcore.dll
0x00007fffc3440000 - 0x00007fffc3bbb000 	C:\Windows\System32\windows.storage.dll
0x00007fffc2e30000 - 0x00007fffc2e53000 	C:\Windows\System32\profapi.dll
0x00007fffc2de0000 - 0x00007fffc2e2a000 	C:\Windows\System32\powrprof.dll
0x00007fffc2d90000 - 0x00007fffc2da0000 	C:\Windows\System32\UMPDC.dll
0x00007fffc4bb0000 - 0x00007fffc4c02000 	C:\Windows\System32\shlwapi.dll
0x00007fffc2dc0000 - 0x00007fffc2dd1000 	C:\Windows\System32\kernel.appcore.dll
0x00007fffc3380000 - 0x00007fffc3397000 	C:\Windows\System32\cryptsp.dll
0x00007fffbdc80000 - 0x00007fffbdc9a000 	D:\Program Files\Android\Android Studio\jre\jre\bin\net.dll
0x00007fffc25d0000 - 0x00007fffc2637000 	C:\Windows\system32\mswsock.dll
0x00007fffbdc60000 - 0x00007fffbdc73000 	D:\Program Files\Android\Android Studio\jre\jre\bin\nio.dll
0x00007fffb1040000 - 0x00007fffb1067000 	C:\Users\shuhu\.gradle\native\f6784746aeab05261644944871eae4fe03e0ef1612fff0a4a95f87b438bc6780\windows-amd64\native-platform.dll
0x00007fffbec30000 - 0x00007fffbec3d000 	D:\Program Files\Android\Android Studio\jre\jre\bin\management.dll
0x00007fffc2150000 - 0x00007fffc2183000 	C:\Windows\system32\rsaenh.dll
0x00007fffc32f0000 - 0x00007fffc3316000 	C:\Windows\System32\bcrypt.dll
0x00007fffc2cb0000 - 0x00007fffc2cd5000 	C:\Windows\SYSTEM32\USERENV.dll
0x00007fffc27a0000 - 0x00007fffc27ac000 	C:\Windows\SYSTEM32\CRYPTBASE.dll
0x00007fffc22e0000 - 0x00007fffc231a000 	C:\Windows\SYSTEM32\IPHLPAPI.DLL
0x00007fffc4ce0000 - 0x00007fffc4ce8000 	C:\Windows\System32\NSI.dll
0x00007fffbc5c0000 - 0x00007fffbc5d6000 	C:\Windows\SYSTEM32\dhcpcsvc6.DLL
0x00007fffbc760000 - 0x00007fffbc77c000 	C:\Windows\SYSTEM32\dhcpcsvc.DLL
0x00007fffc2320000 - 0x00007fffc23eb000 	C:\Windows\SYSTEM32\DNSAPI.dll
0x00007fffbcb20000 - 0x00007fffbcb2b000 	C:\Windows\SYSTEM32\WINNSI.DLL

VM Arguments:
jvm_args: -Xmx2048m -Dfile.encoding=UTF-8 -Duser.country=CN -Duser.language=zh -Duser.variant 
java_command: org.gradle.launcher.daemon.bootstrap.GradleDaemon 6.5
java_class_path (initial): C:\Users\shuhu\.gradle\wrapper\dists\gradle-6.5-bin\6nifqtx7604sqp1q6g8wikw7p\gradle-6.5\lib\gradle-launcher-6.5.jar
Launcher Type: SUN_STANDARD

Environment Variables:
PATH=C:\Windows\system32;C:\Windows;C:\Windows\System32\Wbem;C:\Windows\System32\WindowsPowerShell\v1.0\;C:\Windows\System32\OpenSSH\;C:\Program Files (x86)\NVIDIA Corporation\PhysX\Common;C:\Program Files\NVIDIA Corporation\NVIDIA NvDLISR;C:\Windows\system32;C:\Windows;C:\Windows\System32\Wbem;C:\Windows\System32\WindowsPowerShell\v1.0\;C:\Windows\System32\OpenSSH\;d:\Program Files\Git\cmd;D:\Program Files\nodejs\;C:\Users\shuhu\AppData\Local\Microsoft\WindowsApps;D:\Program Files\Microsoft VS Code\bin;C:\Users\shuhu\AppData\Local\GitHubDesktop\bin;d:\Program Files\JetBrains\IntelliJ IDEA Community Edition 2020.3.2\bin;C:\Users\shuhu\AppData\Roaming\npm
USERNAME=shuhu
OS=Windows_NT
PROCESSOR_IDENTIFIER=Intel64 Family 6 Model 165 Stepping 2, GenuineIntel



---------------  S Y S T E M  ---------------

OS: Windows 10.0 , 64 bit Build 18362 (10.0.18362.1350)

CPU:total 8 (initial active 8) (4 cores per cpu, 2 threads per core) family 6 model 165 stepping 2, cmov, cx8, fxsr, mmx, sse, sse2, sse3, ssse3, sse4.1, sse4.2, popcnt, avx, avx2, aes, clmul, erms, 3dnowpref, lzcnt, ht, tsc, tscinvbit, bmi1, bmi2, adx

Memory: 4k page, physical 16641840k(3506564k free), swap 19787568k(3032k free)

vm_info: OpenJDK 64-Bit Server VM (25.242-b01) for windows-amd64 JRE (1.8.0_242-release-1644-b01), built by "builder" with MS VC++ 10.0 (VS2010)

time: Sat Feb 20 12:10:45 2021
timezone: 中国标准时间
elapsed time: 4 seconds (0d 0h 0m 4s)

